#
# There is insufficient memory for the Java Runtime Environment to continue.
# Native memory allocation (malloc) failed to allocate 1924576 bytes for Chunk::new
# Possible reasons:
#   The system is out of physical RAM or swap space
#   The process is running with CompressedOops enabled, and the Java Heap may be blocking the growth of the native heap
# Possible solutions:
#   Reduce memory load on the system
#   Increase physical memory or swap space
#   Check if swap backing store is full
#   Decrease Java heap size (-Xmx/-Xms)
#   Decrease number of Java threads
#   Decrease Java thread stack sizes (-Xss)
#   Set larger code cache with -XX:ReservedCodeCacheSize=
#   JVM is running with Unscaled Compressed Oops mode in which the Java heap is
#     placed in the first 4GB address space. The Java Heap base address is the
#     maximum limit for the native heap growth. Please use -XX:HeapBaseMinAddress
#     to set the Java Heap base and to place the Java Heap above 4GB virtual address.
# This output file may be truncated or incomplete.
#
#  Out of Memory Error (arena.cpp:168), pid=20024, tid=1752
#
# JRE version: Java(TM) SE Runtime Environment (21.0.9+7) (build 21.0.9+7-LTS-338)
# Java VM: Java HotSpot(TM) 64-Bit Server VM (21.0.9+7-LTS-338, mixed mode, sharing, tiered, compressed oops, compressed class ptrs, g1 gc, windows-amd64)
# No core dump will be written. Minidumps are not enabled by default on client versions of Windows
#

---------------  S U M M A R Y ------------

Command Line: --add-opens=java.base/java.lang=ALL-UNNAMED --add-opens=java.base/java.lang.invoke=ALL-UNNAMED --add-opens=java.base/java.util=ALL-UNNAMED --add-opens=java.prefs/java.util.prefs=ALL-UNNAMED --add-exports=jdk.compiler/com.sun.tools.javac.api=ALL-UNNAMED --add-exports=jdk.compiler/com.sun.tools.javac.util=ALL-UNNAMED --add-opens=java.base/java.util=ALL-UNNAMED --add-opens=java.prefs/java.util.prefs=ALL-UNNAMED --add-opens=java.base/java.nio.charset=ALL-UNNAMED --add-opens=java.base/java.net=ALL-UNNAMED --add-opens=java.base/java.util.concurrent.atomic=ALL-UNNAMED --add-opens=java.xml/javax.xml.namespace=ALL-UNNAMED -Xmx2048m -Dfile.encoding=UTF-8 -Duser.country=IN -Duser.language=en -Duser.variant -javaagent:C:\Users\ADMIN\.gradle\wrapper\dists\gradle-8.13-bin\5xuhj0ry160q40clulazy9h7d\gradle-8.13\lib\agents\gradle-instrumentation-agent-8.13.jar org.gradle.launcher.daemon.bootstrap.GradleDaemon 8.13

Host: Intel(R) Core(TM) i3-1005G1 CPU @ 1.20GHz, 4 cores, 7G,  Windows 11 , 64 bit Build 26100 (10.0.26100.6725)
Time: Tue Dec  2 16:13:16 2025 India Standard Time elapsed time: 20.003587 seconds (0d 0h 0m 20s)

---------------  T H R E A D  ---------------

Current thread (0x00000194353138d0):  JavaThread "C2 CompilerThread0" daemon [_thread_in_native, id=1752, stack(0x00000038d7600000,0x00000038d7700000) (1024K)]


Current CompileTask:
C2:  20003 4656       4       java.net.URLClassLoader$1::run (5 bytes)

Stack: [0x00000038d7600000,0x00000038d7700000]
Native frames: (J=compiled Java code, j=interpreted, Vv=VM code, C=native code)
V  [jvm.dll+0x6cbf89]
V  [jvm.dll+0x858421]
V  [jvm.dll+0x85a94e]
V  [jvm.dll+0x85b023]
V  [jvm.dll+0x27ebc6]
V  [jvm.dll+0xc4f4d]
V  [jvm.dll+0xc5483]
V  [jvm.dll+0x3b69fc]
V  [jvm.dll+0x382925]
V  [jvm.dll+0x381d9a]
V  [jvm.dll+0x247640]
V  [jvm.dll+0x246c1f]
V  [jvm.dll+0x1c7a3e]
V  [jvm.dll+0x256329]
V  [jvm.dll+0x2548ba]
V  [jvm.dll+0x3efdee]
V  [jvm.dll+0x80265b]
V  [jvm.dll+0x6ca66d]
C  [ucrtbase.dll+0x37b0]
C  [KERNEL32.DLL+0x2e8d7]
C  [ntdll.dll+0x8c53c]


---------------  P R O C E S S  ---------------

Threads class SMR info:
_java_thread_list=0x000001947b16bb20, length=30, elements={
0x0000019416fd74c0, 0x0000019435309530, 0x000001943530a090, 0x000001943530abf0,
0x000001943530b650, 0x000001943530c0b0, 0x000001943530cb10, 0x00000194353138d0,
0x0000019435346e50, 0x0000019435740260, 0x00000194356f2390, 0x000001947c201be0,
0x000001947c1c1190, 0x000001947c1a3020, 0x000001947c3f1ce0, 0x000001947c3f2720,
0x000001947c46e660, 0x000001947c46ecd0, 0x000001947c720290, 0x000001947c720920,
0x000001947c721640, 0x000001947c71f570, 0x000001947c71fc00, 0x000001947c720fb0,
0x000001947c722360, 0x000001947c7229f0, 0x000001947d71c590, 0x000001947d71e660,
0x000001947d71d2b0, 0x000001947d71f380
}

Java Threads: ( => current thread )
  0x0000019416fd74c0 JavaThread "main"                              [_thread_blocked, id=8036, stack(0x00000038d6800000,0x00000038d6900000) (1024K)]
  0x0000019435309530 JavaThread "Reference Handler"          daemon [_thread_blocked, id=11064, stack(0x00000038d7000000,0x00000038d7100000) (1024K)]
  0x000001943530a090 JavaThread "Finalizer"                  daemon [_thread_blocked, id=12556, stack(0x00000038d7100000,0x00000038d7200000) (1024K)]
  0x000001943530abf0 JavaThread "Signal Dispatcher"          daemon [_thread_blocked, id=13784, stack(0x00000038d7200000,0x00000038d7300000) (1024K)]
  0x000001943530b650 JavaThread "Attach Listener"            daemon [_thread_blocked, id=6524, stack(0x00000038d7300000,0x00000038d7400000) (1024K)]
  0x000001943530c0b0 JavaThread "Service Thread"             daemon [_thread_blocked, id=14108, stack(0x00000038d7400000,0x00000038d7500000) (1024K)]
  0x000001943530cb10 JavaThread "Monitor Deflation Thread"   daemon [_thread_blocked, id=2088, stack(0x00000038d7500000,0x00000038d7600000) (1024K)]
=>0x00000194353138d0 JavaThread "C2 CompilerThread0"         daemon [_thread_in_native, id=1752, stack(0x00000038d7600000,0x00000038d7700000) (1024K)]
  0x0000019435346e50 JavaThread "C1 CompilerThread0"         daemon [_thread_blocked, id=19920, stack(0x00000038d7700000,0x00000038d7800000) (1024K)]
  0x0000019435740260 JavaThread "Common-Cleaner"             daemon [_thread_blocked, id=8000, stack(0x00000038d7800000,0x00000038d7900000) (1024K)]
  0x00000194356f2390 JavaThread "Notification Thread"        daemon [_thread_blocked, id=16520, stack(0x00000038d7900000,0x00000038d7a00000) (1024K)]
  0x000001947c201be0 JavaThread "Daemon health stats"               [_thread_blocked, id=16568, stack(0x00000038d7c00000,0x00000038d7d00000) (1024K)]
  0x000001947c1c1190 JavaThread "Incoming local TCP Connector on port 55177"        [_thread_in_native, id=13560, stack(0x00000038d7e00000,0x00000038d7f00000) (1024K)]
  0x000001947c1a3020 JavaThread "Daemon periodic checks"            [_thread_blocked, id=6768, stack(0x00000038d7f00000,0x00000038d8000000) (1024K)]
  0x000001947c3f1ce0 JavaThread "Daemon"                            [_thread_blocked, id=14180, stack(0x00000038d8000000,0x00000038d8100000) (1024K)]
  0x000001947c3f2720 JavaThread "Handler for socket connection from /127.0.0.1:55177 to /127.0.0.1:55179"        [_thread_in_native, id=7152, stack(0x00000038d8100000,0x00000038d8200000) (1024K)]
  0x000001947c46e660 JavaThread "Cancel handler"                    [_thread_blocked, id=18556, stack(0x00000038d8200000,0x00000038d8300000) (1024K)]
  0x000001947c46ecd0 JavaThread "Daemon worker"                     [_thread_blocked, id=11332, stack(0x00000038d8300000,0x00000038d8400000) (1024K)]
  0x000001947c720290 JavaThread "Asynchronous log dispatcher for DefaultDaemonConnection: socket connection from /127.0.0.1:55177 to /127.0.0.1:55179"        [_thread_blocked, id=20280, stack(0x00000038d8400000,0x00000038d8500000) (1024K)]
  0x000001947c720920 JavaThread "Stdin handler"                     [_thread_blocked, id=2172, stack(0x00000038d8500000,0x00000038d8600000) (1024K)]
  0x000001947c721640 JavaThread "Daemon client event forwarder"        [_thread_blocked, id=5100, stack(0x00000038d8600000,0x00000038d8700000) (1024K)]
  0x000001947c71f570 JavaThread "Cache worker for journal cache (C:\Users\ADMIN\.gradle\caches\journal-1)"        [_thread_blocked, id=6328, stack(0x00000038d8700000,0x00000038d8800000) (1024K)]
  0x000001947c71fc00 JavaThread "File lock request listener"        [_thread_in_native, id=18836, stack(0x00000038d8800000,0x00000038d8900000) (1024K)]
  0x000001947c720fb0 JavaThread "Cache worker for file hash cache (C:\Users\ADMIN\.gradle\caches\8.13\fileHashes)"        [_thread_blocked, id=2880, stack(0x00000038d8900000,0x00000038d8a00000) (1024K)]
  0x000001947c722360 JavaThread "File lock release action executor"        [_thread_blocked, id=17060, stack(0x00000038d8a00000,0x00000038d8b00000) (1024K)]
  0x000001947c7229f0 JavaThread "Cache worker for file hash cache (E:\radiant\.gradle\8.13\fileHashes)"        [_thread_blocked, id=11392, stack(0x00000038d8b00000,0x00000038d8c00000) (1024K)]
  0x000001947d71c590 JavaThread "Cache worker for Build Output Cleanup Cache (E:\radiant\.gradle\buildOutputCleanup)"        [_thread_blocked, id=18124, stack(0x00000038d8c00000,0x00000038d8d00000) (1024K)]
  0x000001947d71e660 JavaThread "File watcher server"        daemon [_thread_in_native, id=18084, stack(0x00000038d8d00000,0x00000038d8e00000) (1024K)]
  0x000001947d71d2b0 JavaThread "File watcher consumer"      daemon [_thread_blocked, id=9668, stack(0x00000038d8e00000,0x00000038d8f00000) (1024K)]
  0x000001947d71f380 JavaThread "jar transforms"                    [_thread_in_native, id=10224, stack(0x00000038d8f00000,0x00000038d9000000) (1024K)]
Total: 30

Other Threads:
  0x00000194352ec9e0 VMThread "VM Thread"                           [id=7112, stack(0x00000038d6f00000,0x00000038d7000000) (1024K)]
  0x00000194352de760 WatcherThread "VM Periodic Task Thread"        [id=6372, stack(0x00000038d6e00000,0x00000038d6f00000) (1024K)]
  0x00000194191f2710 WorkerThread "GC Thread#0"                     [id=20404, stack(0x00000038d6900000,0x00000038d6a00000) (1024K)]
  0x000001943577a010 WorkerThread "GC Thread#1"                     [id=7300, stack(0x00000038d7a00000,0x00000038d7b00000) (1024K)]
  0x000001943577a3c0 WorkerThread "GC Thread#2"                     [id=7380, stack(0x00000038d7b00000,0x00000038d7c00000) (1024K)]
  0x000001947be9a330 WorkerThread "GC Thread#3"                     [id=11368, stack(0x00000038d7d00000,0x00000038d7e00000) (1024K)]
  0x00000194192034b0 ConcurrentGCThread "G1 Main Marker"            [id=13544, stack(0x00000038d6a00000,0x00000038d6b00000) (1024K)]
  0x0000019419203d70 WorkerThread "G1 Conc#0"                       [id=5188, stack(0x00000038d6b00000,0x00000038d6c00000) (1024K)]
  0x000001941925e780 ConcurrentGCThread "G1 Refine#0"               [id=8548, stack(0x00000038d6c00000,0x00000038d6d00000) (1024K)]
  0x00000194351a7210 ConcurrentGCThread "G1 Service"                [id=540, stack(0x00000038d6d00000,0x00000038d6e00000) (1024K)]
Total: 10

Threads with active compile tasks:
C2 CompilerThread0    20042 4656       4       java.net.URLClassLoader$1::run (5 bytes)
Total: 1

VM state: not at safepoint (normal execution)

VM Mutex/Monitor currently owned by a thread: None

Heap address: 0x0000000080000000, size: 2048 MB, Compressed Oops mode: 32-bit

CDS archive(s) mapped at: [0x0000019436000000-0x0000019436c90000-0x0000019436c90000), size 13172736, SharedBaseAddress: 0x0000019436000000, ArchiveRelocationMode: 1.
Compressed class space mapped at: 0x0000019437000000-0x0000019477000000, reserved size: 1073741824
Narrow klass base: 0x0000019436000000, Narrow klass shift: 0, Narrow klass range: 0x100000000

GC Precious Log:
 CardTable entry size: 512
 Card Set container configuration: InlinePtr #cards 5 size 8 Array Of Cards #cards 12 size 40 Howl #buckets 4 coarsen threshold 1843 Howl Bitmap #cards 512 size 80 coarsen threshold 460 Card regions per heap region 1 cards per card region 2048
 CPUs: 4 total, 4 available
 Memory: 7967M
 Large Page Support: Disabled
 NUMA Support: Disabled
 Compressed Oops: Enabled (32-bit)
 Heap Region Size: 1M
 Heap Min Capacity: 8M
 Heap Initial Capacity: 126M
 Heap Max Capacity: 2G
 Pre-touch: Disabled
 Parallel Workers: 4
 Concurrent Workers: 1
 Concurrent Refinement Workers: 4
 Periodic GC: Disabled

Heap:
 garbage-first heap   total 86016K, used 43201K [0x0000000080000000, 0x0000000100000000)
  region size 1024K, 18 young (18432K), 5 survivors (5120K)
 Metaspace       used 34484K, committed 35456K, reserved 1114112K
  class space    used 4949K, committed 5440K, reserved 1048576K

Heap Regions: E=young(eden), S=young(survivor), O=old, HS=humongous(starts), HC=humongous(continues), CS=collection set, F=free, TAMS=top-at-mark-start, PB=parsable bottom
|   0|0x0000000080000000, 0x0000000080100000, 0x0000000080100000|100%|HS|  |TAMS 0x0000000080000000| PB 0x0000000080000000| Complete 
|   1|0x0000000080100000, 0x0000000080200000, 0x0000000080200000|100%|HC|  |TAMS 0x0000000080100000| PB 0x0000000080100000| Complete 
|   2|0x0000000080200000, 0x0000000080300000, 0x0000000080300000|100%|HC|  |TAMS 0x0000000080200000| PB 0x0000000080200000| Complete 
|   3|0x0000000080300000, 0x0000000080400000, 0x0000000080400000|100%| O|  |TAMS 0x0000000080300000| PB 0x0000000080300000| Untracked 
|   4|0x0000000080400000, 0x0000000080500000, 0x0000000080500000|100%| O|  |TAMS 0x0000000080400000| PB 0x0000000080400000| Untracked 
|   5|0x0000000080500000, 0x0000000080600000, 0x0000000080600000|100%| O|  |TAMS 0x0000000080500000| PB 0x0000000080500000| Untracked 
|   6|0x0000000080600000, 0x0000000080700000, 0x0000000080700000|100%| O|  |TAMS 0x0000000080600000| PB 0x0000000080600000| Untracked 
|   7|0x0000000080700000, 0x0000000080800000, 0x0000000080800000|100%|HS|  |TAMS 0x0000000080700000| PB 0x0000000080700000| Complete 
|   8|0x0000000080800000, 0x0000000080900000, 0x0000000080900000|100%| O|  |TAMS 0x0000000080800000| PB 0x0000000080800000| Untracked 
|   9|0x0000000080900000, 0x0000000080a00000, 0x0000000080a00000|100%| O|  |TAMS 0x0000000080900000| PB 0x0000000080900000| Untracked 
|  10|0x0000000080a00000, 0x0000000080b00000, 0x0000000080b00000|100%| O|  |TAMS 0x0000000080a00000| PB 0x0000000080a00000| Untracked 
|  11|0x0000000080b00000, 0x0000000080c00000, 0x0000000080c00000|100%| O|  |TAMS 0x0000000080b00000| PB 0x0000000080b00000| Untracked 
|  12|0x0000000080c00000, 0x0000000080d00000, 0x0000000080d00000|100%| O|  |TAMS 0x0000000080c00000| PB 0x0000000080c00000| Untracked 
|  13|0x0000000080d00000, 0x0000000080e00000, 0x0000000080e00000|100%| O|  |TAMS 0x0000000080d00000| PB 0x0000000080d00000| Untracked 
|  14|0x0000000080e00000, 0x0000000080f00000, 0x0000000080f00000|100%| O|  |TAMS 0x0000000080e00000| PB 0x0000000080e00000| Untracked 
|  15|0x0000000080f00000, 0x0000000081000000, 0x0000000081000000|100%| O|  |TAMS 0x0000000080f00000| PB 0x0000000080f00000| Untracked 
|  16|0x0000000081000000, 0x0000000081100000, 0x0000000081100000|100%| O|  |TAMS 0x0000000081000000| PB 0x0000000081000000| Untracked 
|  17|0x0000000081100000, 0x0000000081200000, 0x0000000081200000|100%| O|  |TAMS 0x0000000081100000| PB 0x0000000081100000| Untracked 
|  18|0x0000000081200000, 0x0000000081300000, 0x0000000081300000|100%| O|  |TAMS 0x0000000081200000| PB 0x0000000081200000| Untracked 
|  19|0x0000000081300000, 0x0000000081400000, 0x0000000081400000|100%| O|  |TAMS 0x0000000081300000| PB 0x0000000081300000| Untracked 
|  20|0x0000000081400000, 0x0000000081500000, 0x0000000081500000|100%| O|  |TAMS 0x0000000081400000| PB 0x0000000081400000| Untracked 
|  21|0x0000000081500000, 0x0000000081600000, 0x0000000081600000|100%| O|  |TAMS 0x0000000081500000| PB 0x0000000081500000| Untracked 
|  22|0x0000000081600000, 0x0000000081700000, 0x0000000081700000|100%| O|  |TAMS 0x0000000081600000| PB 0x0000000081600000| Untracked 
|  23|0x0000000081700000, 0x0000000081800000, 0x0000000081800000|100%| O|  |TAMS 0x0000000081700000| PB 0x0000000081700000| Untracked 
|  24|0x0000000081800000, 0x0000000081900000, 0x0000000081900000|100%| O|  |TAMS 0x0000000081800000| PB 0x0000000081800000| Untracked 
|  25|0x0000000081900000, 0x000000008196e278, 0x0000000081a00000| 43%| O|  |TAMS 0x0000000081900000| PB 0x0000000081900000| Untracked 
|  26|0x0000000081a00000, 0x0000000081a00000, 0x0000000081b00000|  0%| F|  |TAMS 0x0000000081a00000| PB 0x0000000081a00000| Untracked 
|  27|0x0000000081b00000, 0x0000000081b00000, 0x0000000081c00000|  0%| F|  |TAMS 0x0000000081b00000| PB 0x0000000081b00000| Untracked 
|  28|0x0000000081c00000, 0x0000000081c00000, 0x0000000081d00000|  0%| F|  |TAMS 0x0000000081c00000| PB 0x0000000081c00000| Untracked 
|  29|0x0000000081d00000, 0x0000000081d00000, 0x0000000081e00000|  0%| F|  |TAMS 0x0000000081d00000| PB 0x0000000081d00000| Untracked 
|  30|0x0000000081e00000, 0x0000000081e00000, 0x0000000081f00000|  0%| F|  |TAMS 0x0000000081e00000| PB 0x0000000081e00000| Untracked 
|  31|0x0000000081f00000, 0x0000000081f00000, 0x0000000082000000|  0%| F|  |TAMS 0x0000000081f00000| PB 0x0000000081f00000| Untracked 
|  32|0x0000000082000000, 0x00000000820c2328, 0x0000000082100000| 75%| S|CS|TAMS 0x0000000082000000| PB 0x0000000082000000| Complete 
|  33|0x0000000082100000, 0x0000000082200000, 0x0000000082200000|100%| S|CS|TAMS 0x0000000082100000| PB 0x0000000082100000| Complete 
|  34|0x0000000082200000, 0x0000000082200000, 0x0000000082300000|  0%| F|  |TAMS 0x0000000082200000| PB 0x0000000082200000| Untracked 
|  35|0x0000000082300000, 0x0000000082300000, 0x0000000082400000|  0%| F|  |TAMS 0x0000000082300000| PB 0x0000000082300000| Untracked 
|  36|0x0000000082400000, 0x0000000082400000, 0x0000000082500000|  0%| F|  |TAMS 0x0000000082400000| PB 0x0000000082400000| Untracked 
|  37|0x0000000082500000, 0x0000000082500000, 0x0000000082600000|  0%| F|  |TAMS 0x0000000082500000| PB 0x0000000082500000| Untracked 
|  38|0x0000000082600000, 0x0000000082600000, 0x0000000082700000|  0%| F|  |TAMS 0x0000000082600000| PB 0x0000000082600000| Untracked 
|  39|0x0000000082700000, 0x0000000082800000, 0x0000000082800000|100%| S|CS|TAMS 0x0000000082700000| PB 0x0000000082700000| Complete 
|  40|0x0000000082800000, 0x0000000082900000, 0x0000000082900000|100%| S|CS|TAMS 0x0000000082800000| PB 0x0000000082800000| Complete 
|  41|0x0000000082900000, 0x0000000082a00000, 0x0000000082a00000|100%| S|CS|TAMS 0x0000000082900000| PB 0x0000000082900000| Complete 
|  42|0x0000000082a00000, 0x0000000082a00000, 0x0000000082b00000|  0%| F|  |TAMS 0x0000000082a00000| PB 0x0000000082a00000| Untracked 
|  43|0x0000000082b00000, 0x0000000082b00000, 0x0000000082c00000|  0%| F|  |TAMS 0x0000000082b00000| PB 0x0000000082b00000| Untracked 
|  44|0x0000000082c00000, 0x0000000082c00000, 0x0000000082d00000|  0%| F|  |TAMS 0x0000000082c00000| PB 0x0000000082c00000| Untracked 
|  45|0x0000000082d00000, 0x0000000082d00000, 0x0000000082e00000|  0%| F|  |TAMS 0x0000000082d00000| PB 0x0000000082d00000| Untracked 
|  46|0x0000000082e00000, 0x0000000082e00000, 0x0000000082f00000|  0%| F|  |TAMS 0x0000000082e00000| PB 0x0000000082e00000| Untracked 
|  47|0x0000000082f00000, 0x0000000082f00000, 0x0000000083000000|  0%| F|  |TAMS 0x0000000082f00000| PB 0x0000000082f00000| Untracked 
|  48|0x0000000083000000, 0x0000000083000000, 0x0000000083100000|  0%| F|  |TAMS 0x0000000083000000| PB 0x0000000083000000| Untracked 
|  49|0x0000000083100000, 0x0000000083100000, 0x0000000083200000|  0%| F|  |TAMS 0x0000000083100000| PB 0x0000000083100000| Untracked 
|  50|0x0000000083200000, 0x0000000083200000, 0x0000000083300000|  0%| F|  |TAMS 0x0000000083200000| PB 0x0000000083200000| Untracked 
|  51|0x0000000083300000, 0x0000000083300000, 0x0000000083400000|  0%| F|  |TAMS 0x0000000083300000| PB 0x0000000083300000| Untracked 
|  52|0x0000000083400000, 0x0000000083400000, 0x0000000083500000|  0%| F|  |TAMS 0x0000000083400000| PB 0x0000000083400000| Untracked 
|  53|0x0000000083500000, 0x0000000083500000, 0x0000000083600000|  0%| F|  |TAMS 0x0000000083500000| PB 0x0000000083500000| Untracked 
|  54|0x0000000083600000, 0x0000000083600000, 0x0000000083700000|  0%| F|  |TAMS 0x0000000083600000| PB 0x0000000083600000| Untracked 
|  55|0x0000000083700000, 0x0000000083700000, 0x0000000083800000|  0%| F|  |TAMS 0x0000000083700000| PB 0x0000000083700000| Untracked 
|  56|0x0000000083800000, 0x0000000083800000, 0x0000000083900000|  0%| F|  |TAMS 0x0000000083800000| PB 0x0000000083800000| Untracked 
|  57|0x0000000083900000, 0x0000000083900000, 0x0000000083a00000|  0%| F|  |TAMS 0x0000000083900000| PB 0x0000000083900000| Untracked 
|  58|0x0000000083a00000, 0x0000000083a00000, 0x0000000083b00000|  0%| F|  |TAMS 0x0000000083a00000| PB 0x0000000083a00000| Untracked 
|  59|0x0000000083b00000, 0x0000000083b00000, 0x0000000083c00000|  0%| F|  |TAMS 0x0000000083b00000| PB 0x0000000083b00000| Untracked 
|  60|0x0000000083c00000, 0x0000000083c00000, 0x0000000083d00000|  0%| F|  |TAMS 0x0000000083c00000| PB 0x0000000083c00000| Untracked 
|  61|0x0000000083d00000, 0x0000000083d00000, 0x0000000083e00000|  0%| F|  |TAMS 0x0000000083d00000| PB 0x0000000083d00000| Untracked 
|  62|0x0000000083e00000, 0x0000000083e00000, 0x0000000083f00000|  0%| F|  |TAMS 0x0000000083e00000| PB 0x0000000083e00000| Untracked 
|  63|0x0000000083f00000, 0x0000000083f00000, 0x0000000084000000|  0%| F|  |TAMS 0x0000000083f00000| PB 0x0000000083f00000| Untracked 
|  64|0x0000000084000000, 0x0000000084000000, 0x0000000084100000|  0%| F|  |TAMS 0x0000000084000000| PB 0x0000000084000000| Untracked 
|  65|0x0000000084100000, 0x0000000084100000, 0x0000000084200000|  0%| F|  |TAMS 0x0000000084100000| PB 0x0000000084100000| Untracked 
|  66|0x0000000084200000, 0x0000000084200000, 0x0000000084300000|  0%| F|  |TAMS 0x0000000084200000| PB 0x0000000084200000| Untracked 
|  67|0x0000000084300000, 0x0000000084300000, 0x0000000084400000|  0%| F|  |TAMS 0x0000000084300000| PB 0x0000000084300000| Untracked 
|  68|0x0000000084400000, 0x0000000084400000, 0x0000000084500000|  0%| F|  |TAMS 0x0000000084400000| PB 0x0000000084400000| Untracked 
|  69|0x0000000084500000, 0x0000000084500000, 0x0000000084600000|  0%| F|  |TAMS 0x0000000084500000| PB 0x0000000084500000| Untracked 
|  70|0x0000000084600000, 0x0000000084600000, 0x0000000084700000|  0%| F|  |TAMS 0x0000000084600000| PB 0x0000000084600000| Untracked 
|  71|0x0000000084700000, 0x00000000847bf298, 0x0000000084800000| 74%| E|  |TAMS 0x0000000084700000| PB 0x0000000084700000| Complete 
|  72|0x0000000084800000, 0x0000000084900000, 0x0000000084900000|100%| E|CS|TAMS 0x0000000084800000| PB 0x0000000084800000| Complete 
|  73|0x0000000084900000, 0x0000000084a00000, 0x0000000084a00000|100%| E|CS|TAMS 0x0000000084900000| PB 0x0000000084900000| Complete 
|  74|0x0000000084a00000, 0x0000000084b00000, 0x0000000084b00000|100%| E|CS|TAMS 0x0000000084a00000| PB 0x0000000084a00000| Complete 
|  75|0x0000000084b00000, 0x0000000084c00000, 0x0000000084c00000|100%| E|CS|TAMS 0x0000000084b00000| PB 0x0000000084b00000| Complete 
|  76|0x0000000084c00000, 0x0000000084d00000, 0x0000000084d00000|100%| E|CS|TAMS 0x0000000084c00000| PB 0x0000000084c00000| Complete 
| 106|0x0000000086a00000, 0x0000000086b00000, 0x0000000086b00000|100%| E|CS|TAMS 0x0000000086a00000| PB 0x0000000086a00000| Complete 
| 107|0x0000000086b00000, 0x0000000086c00000, 0x0000000086c00000|100%| E|CS|TAMS 0x0000000086b00000| PB 0x0000000086b00000| Complete 
| 108|0x0000000086c00000, 0x0000000086d00000, 0x0000000086d00000|100%| E|CS|TAMS 0x0000000086c00000| PB 0x0000000086c00000| Complete 
| 109|0x0000000086d00000, 0x0000000086e00000, 0x0000000086e00000|100%| E|CS|TAMS 0x0000000086d00000| PB 0x0000000086d00000| Complete 
| 110|0x0000000086e00000, 0x0000000086f00000, 0x0000000086f00000|100%| E|CS|TAMS 0x0000000086e00000| PB 0x0000000086e00000| Complete 
| 111|0x0000000086f00000, 0x0000000087000000, 0x0000000087000000|100%| E|CS|TAMS 0x0000000086f00000| PB 0x0000000086f00000| Complete 
| 125|0x0000000087d00000, 0x0000000087e00000, 0x0000000087e00000|100%| E|CS|TAMS 0x0000000087d00000| PB 0x0000000087d00000| Complete 

Card table byte_map: [0x0000019430a40000,0x0000019430e40000] _byte_map_base: 0x0000019430640000

Marking Bits: (CMBitMap*) 0x00000194191f2bd0
 Bits: [0x0000019430e40000, 0x0000019432e40000)

Polling page: 0x0000019417100000

Metaspace:

Usage:
  Non-class:     28.84 MB used.
      Class:      4.83 MB used.
       Both:     33.68 MB used.

Virtual space:
  Non-class space:       64.00 MB reserved,      29.31 MB ( 46%) committed,  1 nodes.
      Class space:        1.00 GB reserved,       5.31 MB ( <1%) committed,  1 nodes.
             Both:        1.06 GB reserved,      34.62 MB (  3%) committed. 

Chunk freelists:
   Non-Class:  1.83 MB
       Class:  10.61 MB
        Both:  12.44 MB

MaxMetaspaceSize: unlimited
CompressedClassSpaceSize: 1.00 GB
Initial GC threshold: 21.00 MB
Current GC threshold: 35.12 MB
CDS: on
 - commit_granule_bytes: 65536.
 - commit_granule_words: 8192.
 - virtual_space_node_default_size: 8388608.
 - enlarge_chunks_in_place: 1.
 - use_allocation_guard: 0.


Internal statistics:

num_allocs_failed_limit: 3.
num_arena_births: 1514.
num_arena_deaths: 0.
num_vsnodes_births: 2.
num_vsnodes_deaths: 0.
num_space_committed: 554.
num_space_uncommitted: 0.
num_chunks_returned_to_freelist: 3.
num_chunks_taken_from_freelist: 3006.
num_chunk_merges: 3.
num_chunk_splits: 1932.
num_chunks_enlarged: 1228.
num_inconsistent_stats: 0.

CodeHeap 'non-profiled nmethods': size=120000Kb used=2922Kb max_used=2922Kb free=117077Kb
 bounds [0x0000019429110000, 0x00000194293f0000, 0x0000019430640000]
CodeHeap 'profiled nmethods': size=120000Kb used=9329Kb max_used=9329Kb free=110670Kb
 bounds [0x0000019421640000, 0x0000019421f60000, 0x0000019428b70000]
CodeHeap 'non-nmethods': size=5760Kb used=2130Kb max_used=2205Kb free=3629Kb
 bounds [0x0000019428b70000, 0x0000019428de0000, 0x0000019429110000]
 total_blobs=5394 nmethods=4697 adapters=601
 compilation: enabled
              stopped_count=0, restarted_count=0
 full_count=0

Compilation events (20 events):
Event: 19.733 Thread 0x0000019435346e50 4669       3       java.io.ObjectOutputStream$BlockDataOutputStream::setBlockDataMode (35 bytes)
Event: 19.733 Thread 0x0000019435346e50 nmethod 4669 0x0000019421f52490 code [0x0000019421f52640, 0x0000019421f52860]
Event: 19.758 Thread 0x000001947d016740 4670       4       sun.invoke.util.Wrapper::forBasicType (103 bytes)
Event: 19.759 Thread 0x000001947d016740 nmethod 4670 0x00000194293e9890 code [0x00000194293e9a40, 0x00000194293e9bd0]
Event: 19.763 Thread 0x0000019435346e50 4671       3       java.util.Spliterators$ArraySpliterator::tryAdvance (58 bytes)
Event: 19.763 Thread 0x0000019435346e50 nmethod 4671 0x0000019421f52910 code [0x0000019421f52ae0, 0x0000019421f52ea0]
Event: 19.766 Thread 0x0000019435346e50 4672       3       java.util.Optional::orElseGet (21 bytes)
Event: 19.766 Thread 0x0000019435346e50 nmethod 4672 0x0000019421f53010 code [0x0000019421f531c0, 0x0000019421f533e8]
Event: 19.769 Thread 0x0000019435346e50 4673       3       com.google.common.collect.ObjectArrays::checkElementNotNull (33 bytes)
Event: 19.769 Thread 0x0000019435346e50 nmethod 4673 0x0000019421f53490 code [0x0000019421f536c0, 0x0000019421f53ca8]
Event: 19.770 Thread 0x0000019435346e50 4674       3       java.util.Spliterators$ArraySpliterator::<init> (40 bytes)
Event: 19.770 Thread 0x0000019435346e50 nmethod 4674 0x0000019421f53f10 code [0x0000019421f540c0, 0x0000019421f542a8]
Event: 19.770 Thread 0x0000019435346e50 4675       3       sun.nio.fs.WindowsPath::getFileSystem (5 bytes)
Event: 19.771 Thread 0x0000019435346e50 nmethod 4675 0x0000019421f54390 code [0x0000019421f54520, 0x0000019421f546c8]
Event: 19.771 Thread 0x0000019435346e50 4676   !   3       sun.nio.fs.WindowsPath::getPathForWin32Calls (147 bytes)
Event: 19.772 Thread 0x0000019435346e50 nmethod 4676 0x0000019421f54790 code [0x0000019421f54a40, 0x0000019421f559d0]
Event: 19.773 Thread 0x0000019435346e50 4677       3       java.nio.channels.spi.AbstractInterruptibleChannel::isOpen (13 bytes)
Event: 19.773 Thread 0x0000019435346e50 nmethod 4677 0x0000019421f55e10 code [0x0000019421f55fa0, 0x0000019421f56108]
Event: 19.841 Thread 0x0000019435346e50 4678       3       org.gradle.internal.time.TimeSource$1::nanoTime (4 bytes)
Event: 19.842 Thread 0x0000019435346e50 nmethod 4678 0x0000019421f56190 code [0x0000019421f56340, 0x0000019421f56470]

GC Heap History (16 events):
Event: 1.012 GC heap before
{Heap before GC invocations=0 (full 0):
 garbage-first heap   total 129024K, used 13312K [0x0000000080000000, 0x0000000100000000)
  region size 1024K, 13 young (13312K), 0 survivors (0K)
 Metaspace       used 815K, committed 960K, reserved 1114112K
  class space    used 67K, committed 128K, reserved 1048576K
}
Event: 1.034 GC heap after
{Heap after GC invocations=1 (full 0):
 garbage-first heap   total 129024K, used 1194K [0x0000000080000000, 0x0000000100000000)
  region size 1024K, 2 young (2048K), 2 survivors (2048K)
 Metaspace       used 815K, committed 960K, reserved 1114112K
  class space    used 67K, committed 128K, reserved 1048576K
}
Event: 2.786 GC heap before
{Heap before GC invocations=1 (full 0):
 garbage-first heap   total 129024K, used 28842K [0x0000000080000000, 0x0000000100000000)
  region size 1024K, 27 young (27648K), 2 survivors (2048K)
 Metaspace       used 3624K, committed 3776K, reserved 1114112K
  class space    used 452K, committed 512K, reserved 1048576K
}
Event: 2.794 GC heap after
{Heap after GC invocations=2 (full 0):
 garbage-first heap   total 129024K, used 10704K [0x0000000080000000, 0x0000000100000000)
  region size 1024K, 4 young (4096K), 4 survivors (4096K)
 Metaspace       used 3624K, committed 3776K, reserved 1114112K
  class space    used 452K, committed 512K, reserved 1048576K
}
Event: 6.327 GC heap before
{Heap before GC invocations=2 (full 0):
 garbage-first heap   total 129024K, used 84432K [0x0000000080000000, 0x0000000100000000)
  region size 1024K, 75 young (76800K), 4 survivors (4096K)
 Metaspace       used 7269K, committed 7488K, reserved 1114112K
  class space    used 949K, committed 1024K, reserved 1048576K
}
Event: 6.334 GC heap after
{Heap after GC invocations=3 (full 0):
 garbage-first heap   total 129024K, used 18270K [0x0000000080000000, 0x0000000100000000)
  region size 1024K, 10 young (10240K), 10 survivors (10240K)
 Metaspace       used 7269K, committed 7488K, reserved 1114112K
  class space    used 949K, committed 1024K, reserved 1048576K
}
Event: 11.285 GC heap before
{Heap before GC invocations=3 (full 0):
 garbage-first heap   total 129024K, used 83806K [0x0000000080000000, 0x0000000100000000)
  region size 1024K, 75 young (76800K), 10 survivors (10240K)
 Metaspace       used 19314K, committed 19904K, reserved 1114112K
  class space    used 2710K, committed 3008K, reserved 1048576K
}
Event: 11.300 GC heap after
{Heap after GC invocations=4 (full 0):
 garbage-first heap   total 129024K, used 23250K [0x0000000080000000, 0x0000000100000000)
  region size 1024K, 5 young (5120K), 5 survivors (5120K)
 Metaspace       used 19314K, committed 19904K, reserved 1114112K
  class space    used 2710K, committed 3008K, reserved 1048576K
}
Event: 12.552 GC heap before
{Heap before GC invocations=4 (full 0):
 garbage-first heap   total 129024K, used 36562K [0x0000000080000000, 0x0000000100000000)
  region size 1024K, 19 young (19456K), 5 survivors (5120K)
 Metaspace       used 20834K, committed 21504K, reserved 1114112K
  class space    used 2970K, committed 3328K, reserved 1048576K
}
Event: 12.563 GC heap after
{Heap after GC invocations=5 (full 0):
 garbage-first heap   total 129024K, used 24212K [0x0000000080000000, 0x0000000100000000)
  region size 1024K, 6 young (6144K), 6 survivors (6144K)
 Metaspace       used 20834K, committed 21504K, reserved 1114112K
  class space    used 2970K, committed 3328K, reserved 1048576K
}
Event: 15.440 GC heap before
{Heap before GC invocations=6 (full 0):
 garbage-first heap   total 86016K, used 69268K [0x0000000080000000, 0x0000000100000000)
  region size 1024K, 50 young (51200K), 6 survivors (6144K)
 Metaspace       used 26979K, committed 27968K, reserved 1114112K
  class space    used 3933K, committed 4416K, reserved 1048576K
}
Event: 15.454 GC heap after
{Heap after GC invocations=7 (full 0):
 garbage-first heap   total 86016K, used 26438K [0x0000000080000000, 0x0000000100000000)
  region size 1024K, 4 young (4096K), 4 survivors (4096K)
 Metaspace       used 26979K, committed 27968K, reserved 1114112K
  class space    used 3933K, committed 4416K, reserved 1048576K
}
Event: 16.847 GC heap before
{Heap before GC invocations=7 (full 0):
 garbage-first heap   total 86016K, used 71494K [0x0000000080000000, 0x0000000100000000)
  region size 1024K, 49 young (50176K), 4 survivors (4096K)
 Metaspace       used 31995K, committed 32960K, reserved 1114112K
  class space    used 4588K, committed 5056K, reserved 1048576K
}
Event: 16.859 GC heap after
{Heap after GC invocations=8 (full 0):
 garbage-first heap   total 86016K, used 29328K [0x0000000080000000, 0x0000000100000000)
  region size 1024K, 7 young (7168K), 7 survivors (7168K)
 Metaspace       used 31995K, committed 32960K, reserved 1114112K
  class space    used 4588K, committed 5056K, reserved 1048576K
}
Event: 19.206 GC heap before
{Heap before GC invocations=8 (full 0):
 garbage-first heap   total 86016K, used 72336K [0x0000000080000000, 0x0000000100000000)
  region size 1024K, 49 young (50176K), 7 survivors (7168K)
 Metaspace       used 32999K, committed 33920K, reserved 1114112K
  class space    used 4734K, committed 5184K, reserved 1048576K
}
Event: 19.216 GC heap after
{Heap after GC invocations=9 (full 0):
 garbage-first heap   total 86016K, used 30913K [0x0000000080000000, 0x0000000100000000)
  region size 1024K, 5 young (5120K), 5 survivors (5120K)
 Metaspace       used 32999K, committed 33920K, reserved 1114112K
  class space    used 4734K, committed 5184K, reserved 1048576K
}

Dll operation events (15 events):
Event: 0.016 Loaded shared library C:\Program Files\Java\jdk-21\bin\java.dll
Event: 0.071 Loaded shared library C:\Program Files\Java\jdk-21\bin\jsvml.dll
Event: 0.145 Loaded shared library C:\Program Files\Java\jdk-21\bin\zip.dll
Event: 0.160 Loaded shared library C:\Program Files\Java\jdk-21\bin\instrument.dll
Event: 0.178 Loaded shared library C:\Program Files\Java\jdk-21\bin\net.dll
Event: 0.182 Loaded shared library C:\Program Files\Java\jdk-21\bin\nio.dll
Event: 0.187 Loaded shared library C:\Program Files\Java\jdk-21\bin\zip.dll
Event: 1.252 Loaded shared library C:\Program Files\Java\jdk-21\bin\jimage.dll
Event: 1.817 Loaded shared library C:\Program Files\Java\jdk-21\bin\verify.dll
Event: 2.305 Loaded shared library C:\Users\ADMIN\.gradle\native\1def1411415f61bf3af743bc5b6707747c0891f09f0c88961ee8f79bc544acac\windows-amd64\native-platform.dll
Event: 2.328 Loaded shared library C:\Users\ADMIN\.gradle\native\0.2.7\x86_64-windows-gnu\gradle-fileevents.dll
Event: 6.062 Loaded shared library C:\Program Files\Java\jdk-21\bin\management.dll
Event: 6.070 Loaded shared library C:\Program Files\Java\jdk-21\bin\management_ext.dll
Event: 6.509 Loaded shared library C:\Program Files\Java\jdk-21\bin\extnet.dll
Event: 7.430 Loaded shared library C:\Program Files\Java\jdk-21\bin\sunmscapi.dll

Deoptimization events (20 events):
Event: 19.360 Thread 0x000001947c46ecd0 Uncommon trap: trap_request=0xffffff6e fr.pc=0x0000019429134404 relative=0x0000000000000164
Event: 19.360 Thread 0x000001947c46ecd0 Uncommon trap: reason=loop_limit_check action=maybe_recompile pc=0x0000019429134404 method=java.lang.StringLatin1.lastIndexOf([BII)I @ 19 c2
Event: 19.360 Thread 0x000001947c46ecd0 DEOPT PACKING pc=0x0000019429134404 sp=0x00000038d83f6590
Event: 19.360 Thread 0x000001947c46ecd0 DEOPT UNPACKING pc=0x0000019428bc7da2 sp=0x00000038d83f6510 mode 2
Event: 19.416 Thread 0x000001947c46ecd0 Uncommon trap: trap_request=0xffffff45 fr.pc=0x00000194293d1b40 relative=0x00000000000000a0
Event: 19.416 Thread 0x000001947c46ecd0 Uncommon trap: reason=unstable_if action=reinterpret pc=0x00000194293d1b40 method=java.util.LinkedList.node(I)Ljava/util/LinkedList$Node; @ 49 c2
Event: 19.416 Thread 0x000001947c46ecd0 DEOPT PACKING pc=0x00000194293d1b40 sp=0x00000038d83f63a0
Event: 19.416 Thread 0x000001947c46ecd0 DEOPT UNPACKING pc=0x0000019428bc7da2 sp=0x00000038d83f6328 mode 2
Event: 19.545 Thread 0x000001947c46ecd0 DEOPT PACKING pc=0x0000019421b146c1 sp=0x00000038d83f7640
Event: 19.545 Thread 0x000001947c46ecd0 DEOPT UNPACKING pc=0x0000019428bc88e2 sp=0x00000038d83f6b40 mode 0
Event: 19.560 Thread 0x000001947c46ecd0 DEOPT PACKING pc=0x0000019421e0b0d7 sp=0x00000038d83f6cc0
Event: 19.560 Thread 0x000001947c46ecd0 DEOPT UNPACKING pc=0x0000019428bc88e2 sp=0x00000038d83f6148 mode 0
Event: 19.763 Thread 0x000001947c46ecd0 Uncommon trap: trap_request=0xffffffc6 fr.pc=0x00000194293df8dc relative=0x000000000000043c
Event: 19.763 Thread 0x000001947c46ecd0 Uncommon trap: reason=bimorphic_or_optimized_type_check action=maybe_recompile pc=0x00000194293df8dc method=java.util.stream.ReferencePipeline.forEachWithCancel(Ljava/util/Spliterator;Ljava/util/stream/Sink;)Z @ 1 c2
Event: 19.763 Thread 0x000001947c46ecd0 DEOPT PACKING pc=0x00000194293df8dc sp=0x00000038d83f70d0
Event: 19.763 Thread 0x000001947c46ecd0 DEOPT UNPACKING pc=0x0000019428bc7da2 sp=0x00000038d83f6f10 mode 2
Event: 19.769 Thread 0x000001947c46ecd0 Uncommon trap: trap_request=0xffffffc6 fr.pc=0x00000194293df8dc relative=0x000000000000043c
Event: 19.769 Thread 0x000001947c46ecd0 Uncommon trap: reason=bimorphic_or_optimized_type_check action=maybe_recompile pc=0x00000194293df8dc method=java.util.stream.ReferencePipeline.forEachWithCancel(Ljava/util/Spliterator;Ljava/util/stream/Sink;)Z @ 1 c2
Event: 19.769 Thread 0x000001947c46ecd0 DEOPT PACKING pc=0x00000194293df8dc sp=0x00000038d83f6e50
Event: 19.769 Thread 0x000001947c46ecd0 DEOPT UNPACKING pc=0x0000019428bc7da2 sp=0x00000038d83f6c90 mode 2

Classes loaded (20 events):
Event: 17.413 Loading class java/util/concurrent/LinkedBlockingDeque$Itr
Event: 17.413 Loading class java/util/concurrent/LinkedBlockingDeque$AbstractItr
Event: 17.414 Loading class java/util/concurrent/LinkedBlockingDeque$AbstractItr done
Event: 17.414 Loading class java/util/concurrent/LinkedBlockingDeque$Itr done
Event: 19.282 Loading class java/util/stream/ReduceOps$9
Event: 19.283 Loading class java/util/stream/ReduceOps$9 done
Event: 19.283 Loading class java/util/stream/ReduceOps$CountingSink$OfInt
Event: 19.287 Loading class java/util/stream/ReduceOps$CountingSink
Event: 19.289 Loading class java/util/stream/ReduceOps$CountingSink done
Event: 19.289 Loading class java/util/stream/ReduceOps$CountingSink$OfInt done
Event: 19.444 Loading class java/util/LinkedList$LLSpliterator
Event: 19.444 Loading class java/util/LinkedList$LLSpliterator done
Event: 19.530 Loading class java/lang/Process
Event: 19.531 Loading class java/lang/Process done
Event: 19.531 Loading class java/lang/ProcessBuilder
Event: 19.531 Loading class java/lang/ProcessBuilder done
Event: 19.648 Loading class sun/nio/fs/WindowsException
Event: 19.648 Loading class sun/nio/fs/WindowsException done
Event: 19.682 Loading class java/io/CharArrayWriter
Event: 19.683 Loading class java/io/CharArrayWriter done

Classes unloaded (0 events):
No events

Classes redefined (0 events):
No events

Internal exceptions (20 events):
Event: 14.550 Thread 0x000001947c46ecd0 Exception <a 'java/lang/NoSuchMethodError'{0x00000000834f1a98}: 'java.lang.Object java.lang.invoke.DirectMethodHandle$Holder.invokeSpecial(java.lang.Object, java.lang.Object, java.lang.Object, java.lang.Object, int)'> (0x00000000834f1a98) 
thrown [s\open\src\hotspot\share\interpreter\linkResolver.cpp, line 773]
Event: 14.550 Thread 0x000001947c46ecd0 Exception <a 'java/lang/NoSuchMethodError'{0x00000000834f56a0}: 'java.lang.Object java.lang.invoke.Invokers$Holder.linkToTargetMethod(java.lang.Object, java.lang.Object, int, java.lang.Object)'> (0x00000000834f56a0) 
thrown [s\open\src\hotspot\share\interpreter\linkResolver.cpp, line 773]
Event: 14.560 Thread 0x000001947c46ecd0 Exception <a 'java/lang/NoSuchMethodError'{0x000000008331dff8}: 'java.lang.Object java.lang.invoke.DirectMethodHandle$Holder.invokeStatic(java.lang.Object, java.lang.Object, int, java.lang.Object)'> (0x000000008331dff8) 
thrown [s\open\src\hotspot\share\interpreter\linkResolver.cpp, line 773]
Event: 14.631 Thread 0x000001947c46ecd0 Exception <a 'java/lang/NoSuchMethodError'{0x0000000083114ea0}: 'void java.lang.invoke.DirectMethodHandle$Holder.invokeStaticInit(java.lang.Object, java.lang.Object, java.lang.Object, java.lang.Object)'> (0x0000000083114ea0) 
thrown [s\open\src\hotspot\share\interpreter\linkResolver.cpp, line 773]
Event: 14.959 Thread 0x000001947c46ecd0 Exception <a 'java/lang/NoSuchMethodError'{0x0000000082cce028}: 'void java.lang.invoke.DirectMethodHandle$Holder.invokeInterface(java.lang.Object, java.lang.Object, java.lang.Object, java.lang.Object, java.lang.Object)'> (0x0000000082cce028) 
thrown [s\open\src\hotspot\share\interpreter\linkResolver.cpp, line 773]
Event: 14.991 Thread 0x000001947c46ecd0 Exception <a 'java/lang/NoSuchMethodError'{0x0000000082b0cf70}: 'void java.lang.invoke.DirectMethodHandle$Holder.invokeStatic(java.lang.Object, java.lang.Object, java.lang.Object, java.lang.Object, java.lang.Object, java.lang.Object)'> (0x0000000082b0cf70) 
thrown [s\open\src\hotspot\share\interpreter\linkResolver.cpp, line 773]
Event: 15.323 Thread 0x000001947c46ecd0 Exception <a 'java/lang/IncompatibleClassChangeError'{0x00000000824f1d58}: Found class java.lang.Object, but interface was expected> (0x00000000824f1d58) 
thrown [s\open\src\hotspot\share\interpreter\linkResolver.cpp, line 840]
Event: 15.397 Thread 0x000001947c46ecd0 Exception <a 'java/lang/NoSuchMethodError'{0x00000000823eedc0}: 'java.lang.Object java.lang.invoke.DirectMethodHandle$Holder.newInvokeSpecial(java.lang.Object, java.lang.Object, long)'> (0x00000000823eedc0) 
thrown [s\open\src\hotspot\share\interpreter\linkResolver.cpp, line 773]
Event: 15.398 Thread 0x000001947c46ecd0 Exception <a 'java/lang/NoSuchMethodError'{0x00000000823f33f8}: 'java.lang.Object java.lang.invoke.Invokers$Holder.linkToTargetMethod(java.lang.Object, long, java.lang.Object)'> (0x00000000823f33f8) 
thrown [s\open\src\hotspot\share\interpreter\linkResolver.cpp, line 773]
Event: 15.489 Thread 0x000001947c46ecd0 Exception <a 'java/lang/NoSuchMethodError'{0x0000000087db8f48}: 'int java.lang.invoke.DirectMethodHandle$Holder.invokeInterface(java.lang.Object, java.lang.Object)'> (0x0000000087db8f48) 
thrown [s\open\src\hotspot\share\interpreter\linkResolver.cpp, line 773]
Event: 15.518 Thread 0x000001947c46ecd0 Exception <a 'java/lang/IncompatibleClassChangeError'{0x0000000086f91838}: Found class java.lang.Object, but interface was expected> (0x0000000086f91838) 
thrown [s\open\src\hotspot\share\interpreter\linkResolver.cpp, line 840]
Event: 15.574 Thread 0x000001947c46ecd0 Exception <a 'java/lang/NoSuchMethodError'{0x0000000086eac4f8}: 'void java.lang.invoke.DirectMethodHandle$Holder.invokeVirtual(java.lang.Object, java.lang.Object)'> (0x0000000086eac4f8) 
thrown [s\open\src\hotspot\share\interpreter\linkResolver.cpp, line 773]
Event: 15.732 Thread 0x000001947c46ecd0 Exception <a 'java/lang/NoSuchMethodError'{0x0000000084b202c8}: 'java.lang.Object java.lang.invoke.DirectMethodHandle$Holder.invokeStaticInit(java.lang.Object, java.lang.Object, java.lang.Object)'> (0x0000000084b202c8) 
thrown [s\open\src\hotspot\share\interpreter\linkResolver.cpp, line 773]
Event: 15.760 Thread 0x000001947c46ecd0 Exception <a 'java/lang/NoSuchMethodError'{0x0000000084a208c0}: 'void java.lang.invoke.DirectMethodHandle$Holder.invokeStaticInit(java.lang.Object, java.lang.Object, java.lang.Object)'> (0x0000000084a208c0) 
thrown [s\open\src\hotspot\share\interpreter\linkResolver.cpp, line 773]
Event: 15.763 Thread 0x000001947c46ecd0 Exception <a 'java/lang/NoSuchMethodError'{0x0000000084a450d0}: 'void java.lang.invoke.DirectMethodHandle$Holder.invokeStaticInit(java.lang.Object, java.lang.Object, java.lang.Object, java.lang.Object, java.lang.Object)'> (0x0000000084a450d0) 
thrown [s\open\src\hotspot\share\interpreter\linkResolver.cpp, line 773]
Event: 16.442 Thread 0x000001947c46ecd0 Exception <a 'java/lang/NoSuchMethodError'{0x0000000083015c30}: 'void java.lang.invoke.Invokers$Holder.invokeExact_MT(java.lang.Object, java.lang.Object, java.lang.Object, java.lang.Object)'> (0x0000000083015c30) 
thrown [s\open\src\hotspot\share\interpreter\linkResolver.cpp, line 773]
Event: 19.539 Thread 0x000001947c46ecd0 Exception <a 'java/lang/NoSuchMethodError'{0x0000000086a89bf8}: 'void java.lang.invoke.DirectMethodHandle$Holder.invokeStaticInit(java.lang.Object, java.lang.Object, java.lang.Object, java.lang.Object, java.lang.Object, java.lang.Object, java.lang.Object, int)'> (0x0000000086a89bf8) 
thrown [s\open\src\hotspot\share\interpreter\linkResolver.cpp, line 773]
Event: 19.641 Thread 0x000001947c46ecd0 Exception <a 'java/lang/NoSuchMethodError'{0x0000000084bbdd60}: 'void java.lang.invoke.DirectMethodHandle$Holder.invokeInterface(java.lang.Object, java.lang.Object, java.lang.Object, java.lang.Object)'> (0x0000000084bbdd60) 
thrown [s\open\src\hotspot\share\interpreter\linkResolver.cpp, line 773]
Event: 19.649 Thread 0x000001947c46ecd0 Exception <a 'sun/nio/fs/WindowsException'{0x0000000084bc97a0}> (0x0000000084bc97a0) 
thrown [s\open\src\hotspot\share\prims\jni.cpp, line 520]
Event: 19.654 Thread 0x000001947c46ecd0 Exception <a 'sun/nio/fs/WindowsException'{0x0000000084bcb1d0}> (0x0000000084bcb1d0) 
thrown [s\open\src\hotspot\share\prims\jni.cpp, line 520]

ZGC Phase Switch (0 events):
No events

VM Operations (20 events):
Event: 16.847 Executing VM operation: G1CollectForAllocation (G1 Evacuation Pause)
Event: 16.859 Executing VM operation: G1CollectForAllocation (G1 Evacuation Pause) done
Event: 16.975 Executing VM operation: HandshakeAllThreads (Deoptimize)
Event: 16.975 Executing VM operation: HandshakeAllThreads (Deoptimize) done
Event: 16.992 Executing VM operation: HandshakeAllThreads (Deoptimize)
Event: 16.992 Executing VM operation: HandshakeAllThreads (Deoptimize) done
Event: 16.999 Executing VM operation: HandshakeAllThreads (Deoptimize)
Event: 16.999 Executing VM operation: HandshakeAllThreads (Deoptimize) done
Event: 17.039 Executing VM operation: ICBufferFull
Event: 17.039 Executing VM operation: ICBufferFull done
Event: 17.140 Executing VM operation: HandshakeAllThreads (Deoptimize)
Event: 17.140 Executing VM operation: HandshakeAllThreads (Deoptimize) done
Event: 17.279 Executing VM operation: ICBufferFull
Event: 17.279 Executing VM operation: ICBufferFull done
Event: 17.442 Executing VM operation: HandshakeAllThreads (Deoptimize)
Event: 17.442 Executing VM operation: HandshakeAllThreads (Deoptimize) done
Event: 18.231 Executing VM operation: ICBufferFull
Event: 18.231 Executing VM operation: ICBufferFull done
Event: 19.206 Executing VM operation: G1CollectForAllocation (G1 Evacuation Pause)
Event: 19.220 Executing VM operation: G1CollectForAllocation (G1 Evacuation Pause) done

Events (20 events):
Event: 7.604 Thread 0x000001947c721640 Thread added: 0x000001947c721640
Event: 9.347 Thread 0x000001947c71f570 Thread added: 0x000001947c71f570
Event: 9.374 Thread 0x000001947c71fc00 Thread added: 0x000001947c71fc00
Event: 9.677 Thread 0x000001947c84a390 Thread added: 0x000001947c84a390
Event: 9.877 Thread 0x000001947c84a390 Thread exited: 0x000001947c84a390
Event: 9.905 Thread 0x000001947c720fb0 Thread added: 0x000001947c720fb0
Event: 12.963 Thread 0x000001947c722360 Thread added: 0x000001947c722360
Event: 13.662 Thread 0x000001947c7229f0 Thread added: 0x000001947c7229f0
Event: 13.827 Thread 0x000001947d71c590 Thread added: 0x000001947d71c590
Event: 14.459 Thread 0x000001947d71e660 Thread added: 0x000001947d71e660
Event: 14.474 Thread 0x000001947d71d2b0 Thread added: 0x000001947d71d2b0
Event: 15.413 Thread 0x000001947df12010 Thread added: 0x000001947df12010
Event: 15.757 Thread 0x000001947df12010 Thread exited: 0x000001947df12010
Event: 15.783 Thread 0x000001947df12010 Thread added: 0x000001947df12010
Event: 15.899 Thread 0x000001947df12010 Thread exited: 0x000001947df12010
Event: 15.959 Thread 0x000001947df12010 Thread added: 0x000001947df12010
Event: 16.925 Thread 0x000001947df12010 Thread exited: 0x000001947df12010
Event: 17.012 Thread 0x000001947d016740 Thread added: 0x000001947d016740
Event: 18.183 Thread 0x000001947d016740 Thread exited: 0x000001947d016740
Event: 18.232 Thread 0x000001947d016740 Thread added: 0x000001947d016740


Dynamic libraries:
0x00007ff7e7b50000 - 0x00007ff7e7b60000 	C:\Program Files\Java\jdk-21\bin\java.exe
0x00007ff9037a0000 - 0x00007ff903a08000 	C:\WINDOWS\SYSTEM32\ntdll.dll
0x00007ff901be0000 - 0x00007ff901ca9000 	C:\WINDOWS\System32\KERNEL32.DLL
0x00007ff900a80000 - 0x00007ff900e72000 	C:\WINDOWS\System32\KERNELBASE.dll
0x00007ff900930000 - 0x00007ff900a7b000 	C:\WINDOWS\System32\ucrtbase.dll
0x00007ff8dd650000 - 0x00007ff8dd66b000 	C:\Program Files\Java\jdk-21\bin\VCRUNTIME140.dll
0x00007ff8dd630000 - 0x00007ff8dd649000 	C:\Program Files\Java\jdk-21\bin\jli.dll
0x00007ff902f40000 - 0x00007ff902ff4000 	C:\WINDOWS\System32\ADVAPI32.dll
0x00007ff9028f0000 - 0x00007ff902999000 	C:\WINDOWS\System32\msvcrt.dll
0x00007ff901d20000 - 0x00007ff901dc6000 	C:\WINDOWS\System32\sechost.dll
0x00007ff902750000 - 0x00007ff902868000 	C:\WINDOWS\System32\RPCRT4.dll
0x00007ff902580000 - 0x00007ff902745000 	C:\WINDOWS\System32\USER32.dll
0x00007ff900f30000 - 0x00007ff900f57000 	C:\WINDOWS\System32\win32u.dll
0x00007ff8e94c0000 - 0x00007ff8e9753000 	C:\WINDOWS\WinSxS\amd64_microsoft.windows.common-controls_6595b64144ccf1df_6.0.26100.6725_none_3e085828e334708b\COMCTL32.dll
0x00007ff9017d0000 - 0x00007ff9017fb000 	C:\WINDOWS\System32\GDI32.dll
0x00007ff9010e0000 - 0x00007ff90120d000 	C:\WINDOWS\System32\gdi32full.dll
0x00007ff900e80000 - 0x00007ff900f23000 	C:\WINDOWS\System32\msvcp_win.dll
0x00007ff8ef7c0000 - 0x00007ff8ef7cb000 	C:\WINDOWS\SYSTEM32\VERSION.dll
0x00007ff901790000 - 0x00007ff9017bf000 	C:\WINDOWS\System32\IMM32.DLL
0x00007ff8fba20000 - 0x00007ff8fba2c000 	C:\Program Files\Java\jdk-21\bin\vcruntime140_1.dll
0x00007ff8d1b20000 - 0x00007ff8d1bae000 	C:\Program Files\Java\jdk-21\bin\msvcp140.dll
0x00007ff8855c0000 - 0x00007ff8862dd000 	C:\Program Files\Java\jdk-21\bin\server\jvm.dll
0x00007ff902870000 - 0x00007ff9028e4000 	C:\WINDOWS\System32\WS2_32.dll
0x00007ff9007b0000 - 0x00007ff90080e000 	C:\WINDOWS\SYSTEM32\POWRPROF.dll
0x00007ff8e9760000 - 0x00007ff8e9795000 	C:\WINDOWS\SYSTEM32\WINMM.dll
0x00007ff900790000 - 0x00007ff9007a4000 	C:\WINDOWS\SYSTEM32\UMPDC.dll
0x00007ff8ff6d0000 - 0x00007ff8ff6eb000 	C:\WINDOWS\SYSTEM32\kernel.appcore.dll
0x00007ff8ed580000 - 0x00007ff8ed58a000 	C:\Program Files\Java\jdk-21\bin\jimage.dll
0x00007ff8fd9f0000 - 0x00007ff8fdc32000 	C:\WINDOWS\SYSTEM32\DBGHELP.DLL
0x00007ff901800000 - 0x00007ff901b7b000 	C:\WINDOWS\System32\combase.dll
0x00007ff901e60000 - 0x00007ff901f37000 	C:\WINDOWS\System32\OLEAUT32.dll
0x00007ff8dacb0000 - 0x00007ff8dacec000 	C:\WINDOWS\SYSTEM32\dbgcore.DLL
0x00007ff901210000 - 0x00007ff9012a8000 	C:\WINDOWS\System32\bcryptPrimitives.dll
0x00007ff8e9e90000 - 0x00007ff8e9e9f000 	C:\Program Files\Java\jdk-21\bin\instrument.dll
0x00007ff8dd5d0000 - 0x00007ff8dd5ef000 	C:\Program Files\Java\jdk-21\bin\java.dll
0x00007ff903000000 - 0x00007ff90374c000 	C:\WINDOWS\System32\SHELL32.dll
0x00007ff901370000 - 0x00007ff9014db000 	C:\WINDOWS\System32\wintypes.dll
0x00007ff8fe560000 - 0x00007ff8fedbd000 	C:\WINDOWS\SYSTEM32\windows.storage.dll
0x00007ff901690000 - 0x00007ff901782000 	C:\WINDOWS\System32\SHCORE.dll
0x00007ff901cb0000 - 0x00007ff901d12000 	C:\WINDOWS\System32\shlwapi.dll
0x00007ff900850000 - 0x00007ff900879000 	C:\WINDOWS\SYSTEM32\profapi.dll
0x00007ff8d11d0000 - 0x00007ff8d12a7000 	C:\Program Files\Java\jdk-21\bin\jsvml.dll
0x00007ff8dd150000 - 0x00007ff8dd168000 	C:\Program Files\Java\jdk-21\bin\zip.dll
0x00007ff8e4d20000 - 0x00007ff8e4d30000 	C:\Program Files\Java\jdk-21\bin\net.dll
0x00007ff8f1b20000 - 0x00007ff8f1c3f000 	C:\WINDOWS\SYSTEM32\WINHTTP.dll
0x00007ff8ffc70000 - 0x00007ff8ffcdb000 	C:\WINDOWS\system32\mswsock.dll
0x00007ff8dcc70000 - 0x00007ff8dcc86000 	C:\Program Files\Java\jdk-21\bin\nio.dll
0x00007ff8e0dc0000 - 0x00007ff8e0dd0000 	C:\Program Files\Java\jdk-21\bin\verify.dll
0x00007ff8dd3d0000 - 0x00007ff8dd3f7000 	C:\Users\ADMIN\.gradle\native\1def1411415f61bf3af743bc5b6707747c0891f09f0c88961ee8f79bc544acac\windows-amd64\native-platform.dll
0x00007ff8d2900000 - 0x00007ff8d2978000 	C:\Users\ADMIN\.gradle\native\0.2.7\x86_64-windows-gnu\gradle-fileevents.dll
0x00007ff8de700000 - 0x00007ff8de70a000 	C:\Program Files\Java\jdk-21\bin\management.dll
0x00007ff8dd6a0000 - 0x00007ff8dd6ab000 	C:\Program Files\Java\jdk-21\bin\management_ext.dll
0x00007ff903750000 - 0x00007ff903758000 	C:\WINDOWS\System32\PSAPI.DLL
0x00007ff8ff110000 - 0x00007ff8ff144000 	C:\WINDOWS\SYSTEM32\IPHLPAPI.DLL
0x00007ff901b80000 - 0x00007ff901b8a000 	C:\WINDOWS\System32\NSI.dll
0x00007ff8dd3c0000 - 0x00007ff8dd3c9000 	C:\Program Files\Java\jdk-21\bin\extnet.dll
0x00007ff8fff20000 - 0x00007ff8fff3b000 	C:\WINDOWS\SYSTEM32\CRYPTSP.dll
0x00007ff8ff630000 - 0x00007ff8ff66b000 	C:\WINDOWS\system32\rsaenh.dll
0x00007ff8ffd10000 - 0x00007ff8ffd3b000 	C:\WINDOWS\SYSTEM32\USERENV.dll
0x00007ff900820000 - 0x00007ff900846000 	C:\WINDOWS\SYSTEM32\bcrypt.dll
0x00007ff8fff40000 - 0x00007ff8fff4c000 	C:\WINDOWS\SYSTEM32\CRYPTBASE.dll
0x00007ff8dd2f0000 - 0x00007ff8dd2fe000 	C:\Program Files\Java\jdk-21\bin\sunmscapi.dll
0x00007ff900f60000 - 0x00007ff9010d7000 	C:\WINDOWS\System32\CRYPT32.dll
0x00007ff900140000 - 0x00007ff900170000 	C:\WINDOWS\SYSTEM32\ncrypt.dll
0x00007ff9000f0000 - 0x00007ff90012f000 	C:\WINDOWS\SYSTEM32\NTASN1.dll
0x00007ff8ce010000 - 0x00007ff8ce018000 	C:\WINDOWS\system32\wshunix.dll

dbghelp: loaded successfully - version: 4.0.5 - missing functions: none
symbol engine: initialized successfully - sym options: 0x614 - pdb path: .;C:\Program Files\Java\jdk-21\bin;C:\WINDOWS\SYSTEM32;C:\WINDOWS\WinSxS\amd64_microsoft.windows.common-controls_6595b64144ccf1df_6.0.26100.6725_none_3e085828e334708b;C:\Program Files\Java\jdk-21\bin\server;C:\Users\ADMIN\.gradle\native\1def1411415f61bf3af743bc5b6707747c0891f09f0c88961ee8f79bc544acac\windows-amd64;C:\Users\ADMIN\.gradle\native\0.2.7\x86_64-windows-gnu

VM Arguments:
jvm_args: --add-opens=java.base/java.lang=ALL-UNNAMED --add-opens=java.base/java.lang.invoke=ALL-UNNAMED --add-opens=java.base/java.util=ALL-UNNAMED --add-opens=java.prefs/java.util.prefs=ALL-UNNAMED --add-exports=jdk.compiler/com.sun.tools.javac.api=ALL-UNNAMED --add-exports=jdk.compiler/com.sun.tools.javac.util=ALL-UNNAMED --add-opens=java.base/java.util=ALL-UNNAMED --add-opens=java.prefs/java.util.prefs=ALL-UNNAMED --add-opens=java.base/java.nio.charset=ALL-UNNAMED --add-opens=java.base/java.net=ALL-UNNAMED --add-opens=java.base/java.util.concurrent.atomic=ALL-UNNAMED --add-opens=java.xml/javax.xml.namespace=ALL-UNNAMED -Xmx2048m -Dfile.encoding=UTF-8 -Duser.country=IN -Duser.language=en -Duser.variant -javaagent:C:\Users\ADMIN\.gradle\wrapper\dists\gradle-8.13-bin\5xuhj0ry160q40clulazy9h7d\gradle-8.13\lib\agents\gradle-instrumentation-agent-8.13.jar 
java_command: org.gradle.launcher.daemon.bootstrap.GradleDaemon 8.13
java_class_path (initial): C:\Users\ADMIN\.gradle\wrapper\dists\gradle-8.13-bin\5xuhj0ry160q40clulazy9h7d\gradle-8.13\lib\gradle-daemon-main-8.13.jar
Launcher Type: SUN_STANDARD

[Global flags]
     intx CICompilerCount                          = 3                                         {product} {ergonomic}
     uint ConcGCThreads                            = 1                                         {product} {ergonomic}
     uint G1ConcRefinementThreads                  = 4                                         {product} {ergonomic}
   size_t G1HeapRegionSize                         = 1048576                                   {product} {ergonomic}
    uintx GCDrainStackTargetSize                   = 64                                        {product} {ergonomic}
   size_t InitialHeapSize                          = 132120576                                 {product} {ergonomic}
   size_t MarkStackSize                            = 4194304                                   {product} {ergonomic}
   size_t MaxHeapSize                              = 2147483648                                {product} {command line}
   size_t MaxNewSize                               = 1287651328                                {product} {ergonomic}
   size_t MinHeapDeltaBytes                        = 1048576                                   {product} {ergonomic}
   size_t MinHeapSize                              = 8388608                                   {product} {ergonomic}
    uintx NonNMethodCodeHeapSize                   = 5832780                                {pd product} {ergonomic}
    uintx NonProfiledCodeHeapSize                  = 122912730                              {pd product} {ergonomic}
    uintx ProfiledCodeHeapSize                     = 122912730                              {pd product} {ergonomic}
    uintx ReservedCodeCacheSize                    = 251658240                              {pd product} {ergonomic}
     bool SegmentedCodeCache                       = true                                      {product} {ergonomic}
   size_t SoftMaxHeapSize                          = 2147483648                             {manageable} {ergonomic}
     bool UseCompressedOops                        = true                           {product lp64_product} {ergonomic}
     bool UseG1GC                                  = true                                      {product} {ergonomic}
     bool UseLargePagesIndividualAllocation        = false                                  {pd product} {ergonomic}

Logging:
Log output configuration:
 #0: stdout all=warning uptime,level,tags foldmultilines=false
 #1: stderr all=off uptime,level,tags foldmultilines=false

Environment Variables:
PATH=C:\Program Files\Common Files\Oracle\Java\javapath;C:\Program Files (x86)\Common Files\Oracle\Java\java8path;C:\Program Files (x86)\Common Files\Oracle\Java\javapath;C:\WINDOWS\system32;C:\WINDOWS;C:\WINDOWS\System32\Wbem;C:\WINDOWS\System32\WindowsPowerShell\v1.0\;C:\WINDOWS\System32\OpenSSH\;C:\msys64\mingw64\bin;C:\msys64\mingw32\bin;C:\msys64\usr\bin;F:\Git\cmd;C:\Program Files\Apollo;C:\Program Files\Apollo\tools;C:\Program Files\Tailscale\;C:\Gradle\gradle-9.2.1\bin;C:\Program Files\MySQL\MySQL Shell 8.0\bin\;C:\Users\ADMIN\.cargo\bin;C:\Users\ADMIN\AppData\Local\Programs\Python\Python312\Scripts\;C:\Users\ADMIN\AppData\Local\Programs\Python\Python312\;C:\Users\ADMIN\AppData\Local\Microsoft\WindowsApps;C:\Users\ADMIN\AppData\Local\Programs\Microsoft VS Code\bin;D:\msys64\mingw64\bin;D:\msys64\mingw32\bin;
USERNAME=ADMIN
OS=Windows_NT
PROCESSOR_IDENTIFIER=Intel64 Family 6 Model 126 Stepping 5, GenuineIntel
TMP=C:\Users\ADMIN\AppData\Local\Temp
TEMP=C:\Users\ADMIN\AppData\Local\Temp




Periodic native trim disabled

---------------  S Y S T E M  ---------------

OS:
 Windows 11 , 64 bit Build 26100 (10.0.26100.6725)
OS uptime: 17 days 4:57 hours
Hyper-V role detected

CPU: total 4 (initial active 4) (2 cores per cpu, 2 threads per core) family 6 model 126 stepping 5 microcode 0xa0, cx8, cmov, fxsr, ht, mmx, 3dnowpref, sse, sse2, sse3, ssse3, sse4.1, sse4.2, popcnt, lzcnt, tsc, tscinvbit, avx, avx2, aes, erms, clmul, bmi1, bmi2, adx, avx512f, avx512dq, avx512cd, avx512bw, avx512vl, sha, fma, vzeroupper, avx512_vpopcntdq, avx512_vpclmulqdq, avx512_vaes, avx512_vnni, clflush, clflushopt, avx512_vbmi2, avx512_vbmi, hv, rdtscp, rdpid, fsrm, gfni, avx512_bitalg, f16c, avx512_ifma
Processor Information for all 4 processors :
  Max Mhz: 1190, Current Mhz: 1190, Mhz Limit: 1190

Memory: 4k page, system-wide physical 7967M (952M free)
TotalPageFile size 12063M (AvailPageFile size 36M)
current process WorkingSet (physical memory assigned to process): 232M, peak: 232M
current process commit charge ("private bytes"): 270M, peak: 279M

vm_info: Java HotSpot(TM) 64-Bit Server VM (21.0.9+7-LTS-338) for windows-amd64 JRE (21.0.9+7-LTS-338), built on 2025-09-26T06:33:49Z by "mach5run" with MS VC++ 17.6 (VS2022)

END.
