#
# There is insufficient memory for the Java Runtime Environment to continue.
# Native memory allocation (malloc) failed to allocate 634144 bytes for Chunk::new
# Possible reasons:
#   The system is out of physical RAM or swap space
#   The process is running with CompressedOops enabled, and the Java Heap may be blocking the growth of the native heap
# Possible solutions:
#   Reduce memory load on the system
#   Increase physical memory or swap space
#   Check if swap backing store is full
#   Decrease Java heap size (-Xmx/-Xms)
#   Decrease number of Java threads
#   Decrease Java thread stack sizes (-Xss)
#   Set larger code cache with -XX:ReservedCodeCacheSize=
#   JVM is running with Unscaled Compressed Oops mode in which the Java heap is
#     placed in the first 4GB address space. The Java Heap base address is the
#     maximum limit for the native heap growth. Please use -XX:HeapBaseMinAddress
#     to set the Java Heap base and to place the Java Heap above 4GB virtual address.
# This output file may be truncated or incomplete.
#
#  Out of Memory Error (arena.cpp:168), pid=7272, tid=6048
#
# JRE version: Java(TM) SE Runtime Environment (21.0.9+7) (build 21.0.9+7-LTS-338)
# Java VM: Java HotSpot(TM) 64-Bit Server VM (21.0.9+7-LTS-338, mixed mode, sharing, tiered, compressed oops, compressed class ptrs, g1 gc, windows-amd64)
# No core dump will be written. Minidumps are not enabled by default on client versions of Windows
#

---------------  S U M M A R Y ------------

Command Line: --add-opens=java.base/java.lang=ALL-UNNAMED --add-opens=java.base/java.lang.invoke=ALL-UNNAMED --add-opens=java.base/java.util=ALL-UNNAMED --add-opens=java.prefs/java.util.prefs=ALL-UNNAMED --add-exports=jdk.compiler/com.sun.tools.javac.api=ALL-UNNAMED --add-exports=jdk.compiler/com.sun.tools.javac.util=ALL-UNNAMED --add-opens=java.base/java.util=ALL-UNNAMED --add-opens=java.prefs/java.util.prefs=ALL-UNNAMED --add-opens=java.base/java.nio.charset=ALL-UNNAMED --add-opens=java.base/java.net=ALL-UNNAMED --add-opens=java.base/java.util.concurrent.atomic=ALL-UNNAMED --add-opens=java.xml/javax.xml.namespace=ALL-UNNAMED -Xmx2048m -Dfile.encoding=UTF-8 -Duser.country=IN -Duser.language=en -Duser.variant -javaagent:C:\Users\ADMIN\.gradle\wrapper\dists\gradle-8.13-bin\5xuhj0ry160q40clulazy9h7d\gradle-8.13\lib\agents\gradle-instrumentation-agent-8.13.jar org.gradle.launcher.daemon.bootstrap.GradleDaemon 8.13

Host: Intel(R) Core(TM) i3-1005G1 CPU @ 1.20GHz, 4 cores, 7G,  Windows 11 , 64 bit Build 26100 (10.0.26100.6725)
Time: Tue Dec  2 16:12:55 2025 India Standard Time elapsed time: 7.405397 seconds (0d 0h 0m 7s)

---------------  T H R E A D  ---------------

Current thread (0x0000029c7b1a4c60):  JavaThread "C2 CompilerThread0" daemon [_thread_in_native, id=6048, stack(0x000000a85f400000,0x000000a85f500000) (1024K)]


Current CompileTask:
C2:   7405 2654       4       jdk.internal.org.objectweb.asm.Frame::execute (2305 bytes)

Stack: [0x000000a85f400000,0x000000a85f500000]
Native frames: (J=compiled Java code, j=interpreted, Vv=VM code, C=native code)
V  [jvm.dll+0x6cbf89]
V  [jvm.dll+0x858421]
V  [jvm.dll+0x85a94e]
V  [jvm.dll+0x85b023]
V  [jvm.dll+0x27ebc6]
V  [jvm.dll+0xc4f4d]
V  [jvm.dll+0xc5483]
V  [jvm.dll+0x3b69fc]
V  [jvm.dll+0x382925]
V  [jvm.dll+0x381d9a]
V  [jvm.dll+0x247640]
V  [jvm.dll+0x246c1f]
V  [jvm.dll+0x1c7a3e]
V  [jvm.dll+0x256329]
V  [jvm.dll+0x2548ba]
V  [jvm.dll+0x3efdee]
V  [jvm.dll+0x80265b]
V  [jvm.dll+0x6ca66d]
C  [ucrtbase.dll+0x37b0]
C  [KERNEL32.DLL+0x2e8d7]
C  [ntdll.dll+0x8c53c]


---------------  P R O C E S S  ---------------

Threads class SMR info:
_java_thread_list=0x0000029c55a95680, length=21, elements={
0x0000029c6bf35640, 0x0000029c7b1982f0, 0x0000029c7b199000, 0x0000029c7b19dd30,
0x0000029c7b19e790, 0x0000029c7b19f1f0, 0x0000029c7b19fc50, 0x0000029c7b1a4c60,
0x0000029c7b1d2ba0, 0x0000029c54314fd0, 0x0000029c54369ec0, 0x0000029c55aad370,
0x0000029c55de3660, 0x0000029c54fb1040, 0x0000029c55bc8140, 0x0000029c55bc87b0,
0x0000029c556cb890, 0x0000029c544a1720, 0x0000029c5414cd80, 0x0000029c5414d410,
0x0000029c5414e7c0
}

Java Threads: ( => current thread )
  0x0000029c6bf35640 JavaThread "main"                              [_thread_blocked, id=11044, stack(0x000000a85e600000,0x000000a85e700000) (1024K)]
  0x0000029c7b1982f0 JavaThread "Reference Handler"          daemon [_thread_blocked, id=12920, stack(0x000000a85ee00000,0x000000a85ef00000) (1024K)]
  0x0000029c7b199000 JavaThread "Finalizer"                  daemon [_thread_blocked, id=16500, stack(0x000000a85ef00000,0x000000a85f000000) (1024K)]
  0x0000029c7b19dd30 JavaThread "Signal Dispatcher"          daemon [_thread_blocked, id=7092, stack(0x000000a85f000000,0x000000a85f100000) (1024K)]
  0x0000029c7b19e790 JavaThread "Attach Listener"            daemon [_thread_blocked, id=19068, stack(0x000000a85f100000,0x000000a85f200000) (1024K)]
  0x0000029c7b19f1f0 JavaThread "Service Thread"             daemon [_thread_blocked, id=14136, stack(0x000000a85f200000,0x000000a85f300000) (1024K)]
  0x0000029c7b19fc50 JavaThread "Monitor Deflation Thread"   daemon [_thread_blocked, id=10588, stack(0x000000a85f300000,0x000000a85f400000) (1024K)]
=>0x0000029c7b1a4c60 JavaThread "C2 CompilerThread0"         daemon [_thread_in_native, id=6048, stack(0x000000a85f400000,0x000000a85f500000) (1024K)]
  0x0000029c7b1d2ba0 JavaThread "C1 CompilerThread0"         daemon [_thread_blocked, id=18476, stack(0x000000a85f500000,0x000000a85f600000) (1024K)]
  0x0000029c54314fd0 JavaThread "Common-Cleaner"             daemon [_thread_blocked, id=1064, stack(0x000000a85f600000,0x000000a85f700000) (1024K)]
  0x0000029c54369ec0 JavaThread "Notification Thread"        daemon [_thread_blocked, id=6072, stack(0x000000a85f700000,0x000000a85f800000) (1024K)]
  0x0000029c55aad370 JavaThread "Daemon health stats"               [_thread_blocked, id=9512, stack(0x000000a85fa00000,0x000000a85fb00000) (1024K)]
  0x0000029c55de3660 JavaThread "Incoming local TCP Connector on port 51700"        [_thread_in_native, id=17112, stack(0x000000a85fc00000,0x000000a85fd00000) (1024K)]
  0x0000029c54fb1040 JavaThread "Daemon periodic checks"            [_thread_blocked, id=20124, stack(0x000000a85fd00000,0x000000a85fe00000) (1024K)]
  0x0000029c55bc8140 JavaThread "Daemon"                            [_thread_blocked, id=18376, stack(0x000000a85fe00000,0x000000a85ff00000) (1024K)]
  0x0000029c55bc87b0 JavaThread "Handler for socket connection from /127.0.0.1:51700 to /127.0.0.1:51701"        [_thread_in_native, id=6020, stack(0x000000a85ff00000,0x000000a860000000) (1024K)]
  0x0000029c556cb890 JavaThread "Cancel handler"                    [_thread_blocked, id=3060, stack(0x000000a860000000,0x000000a860100000) (1024K)]
  0x0000029c544a1720 JavaThread "Daemon worker"                     [_thread_in_vm, id=6976, stack(0x000000a860100000,0x000000a860200000) (1024K)]
  0x0000029c5414cd80 JavaThread "Asynchronous log dispatcher for DefaultDaemonConnection: socket connection from /127.0.0.1:51700 to /127.0.0.1:51701"        [_thread_blocked, id=17244, stack(0x000000a860200000,0x000000a860300000) (1024K)]
  0x0000029c5414d410 JavaThread "Stdin handler"                     [_thread_blocked, id=19708, stack(0x000000a860300000,0x000000a860400000) (1024K)]
  0x0000029c5414e7c0 JavaThread "Daemon client event forwarder"        [_thread_blocked, id=352, stack(0x000000a860400000,0x000000a860500000) (1024K)]
Total: 21

Other Threads:
  0x0000029c7b171e90 VMThread "VM Thread"                           [id=8332, stack(0x000000a85ed00000,0x000000a85ee00000) (1024K)]
  0x0000029c7b161210 WatcherThread "VM Periodic Task Thread"        [id=12516, stack(0x000000a85ec00000,0x000000a85ed00000) (1024K)]
  0x0000029c6c322100 WorkerThread "GC Thread#0"                     [id=8648, stack(0x000000a85e700000,0x000000a85e800000) (1024K)]
  0x0000029c5447a510 WorkerThread "GC Thread#1"                     [id=18504, stack(0x000000a85f800000,0x000000a85f900000) (1024K)]
  0x0000029c5447a8c0 WorkerThread "GC Thread#2"                     [id=15092, stack(0x000000a85f900000,0x000000a85fa00000) (1024K)]
  0x0000029c545d9290 WorkerThread "GC Thread#3"                     [id=3552, stack(0x000000a85fb00000,0x000000a85fc00000) (1024K)]
  0x0000029c6c333000 ConcurrentGCThread "G1 Main Marker"            [id=17872, stack(0x000000a85e800000,0x000000a85e900000) (1024K)]
  0x0000029c6c333a20 WorkerThread "G1 Conc#0"                       [id=16344, stack(0x000000a85e900000,0x000000a85ea00000) (1024K)]
  0x0000029c7b032550 ConcurrentGCThread "G1 Refine#0"               [id=18368, stack(0x000000a85ea00000,0x000000a85eb00000) (1024K)]
  0x0000029c7b033e90 ConcurrentGCThread "G1 Service"                [id=6464, stack(0x000000a85eb00000,0x000000a85ec00000) (1024K)]
Total: 10

Threads with active compile tasks:
C2 CompilerThread0     7457 2654       4       jdk.internal.org.objectweb.asm.Frame::execute (2305 bytes)
Total: 1

VM state: not at safepoint (normal execution)

VM Mutex/Monitor currently owned by a thread: None

Heap address: 0x0000000080000000, size: 2048 MB, Compressed Oops mode: 32-bit

CDS archive(s) mapped at: [0x0000029c0f000000-0x0000029c0fc90000-0x0000029c0fc90000), size 13172736, SharedBaseAddress: 0x0000029c0f000000, ArchiveRelocationMode: 1.
Compressed class space mapped at: 0x0000029c10000000-0x0000029c50000000, reserved size: 1073741824
Narrow klass base: 0x0000029c0f000000, Narrow klass shift: 0, Narrow klass range: 0x100000000

GC Precious Log:
 CardTable entry size: 512
 Card Set container configuration: InlinePtr #cards 5 size 8 Array Of Cards #cards 12 size 40 Howl #buckets 4 coarsen threshold 1843 Howl Bitmap #cards 512 size 80 coarsen threshold 460 Card regions per heap region 1 cards per card region 2048
 CPUs: 4 total, 4 available
 Memory: 7967M
 Large Page Support: Disabled
 NUMA Support: Disabled
 Compressed Oops: Enabled (32-bit)
 Heap Region Size: 1M
 Heap Min Capacity: 8M
 Heap Initial Capacity: 126M
 Heap Max Capacity: 2G
 Pre-touch: Disabled
 Parallel Workers: 4
 Concurrent Workers: 1
 Concurrent Refinement Workers: 4
 Periodic GC: Disabled

Heap:
 garbage-first heap   total 129024K, used 49624K [0x0000000080000000, 0x0000000100000000)
  region size 1024K, 42 young (43008K), 10 survivors (10240K)
 Metaspace       used 14458K, committed 14848K, reserved 1114112K
  class space    used 1922K, committed 2112K, reserved 1048576K

Heap Regions: E=young(eden), S=young(survivor), O=old, HS=humongous(starts), HC=humongous(continues), CS=collection set, F=free, TAMS=top-at-mark-start, PB=parsable bottom
|   0|0x0000000080000000, 0x0000000080100000, 0x0000000080100000|100%|HS|  |TAMS 0x0000000080000000| PB 0x0000000080000000| Complete 
|   1|0x0000000080100000, 0x0000000080200000, 0x0000000080200000|100%|HC|  |TAMS 0x0000000080100000| PB 0x0000000080100000| Complete 
|   2|0x0000000080200000, 0x0000000080300000, 0x0000000080300000|100%|HC|  |TAMS 0x0000000080200000| PB 0x0000000080200000| Complete 
|   3|0x0000000080300000, 0x0000000080400000, 0x0000000080400000|100%| O|  |TAMS 0x0000000080300000| PB 0x0000000080300000| Untracked 
|   4|0x0000000080400000, 0x0000000080500000, 0x0000000080500000|100%| O|  |TAMS 0x0000000080400000| PB 0x0000000080400000| Untracked 
|   5|0x0000000080500000, 0x0000000080600000, 0x0000000080600000|100%| O|  |TAMS 0x0000000080500000| PB 0x0000000080500000| Untracked 
|   6|0x0000000080600000, 0x00000000806760b0, 0x0000000080700000| 46%| O|  |TAMS 0x0000000080600000| PB 0x0000000080600000| Untracked 
|   7|0x0000000080700000, 0x0000000080800000, 0x0000000080800000|100%|HS|  |TAMS 0x0000000080700000| PB 0x0000000080700000| Complete 
|   8|0x0000000080800000, 0x0000000080800000, 0x0000000080900000|  0%| F|  |TAMS 0x0000000080800000| PB 0x0000000080800000| Untracked 
|   9|0x0000000080900000, 0x0000000080900000, 0x0000000080a00000|  0%| F|  |TAMS 0x0000000080900000| PB 0x0000000080900000| Untracked 
|  10|0x0000000080a00000, 0x0000000080a00000, 0x0000000080b00000|  0%| F|  |TAMS 0x0000000080a00000| PB 0x0000000080a00000| Untracked 
|  11|0x0000000080b00000, 0x0000000080b00000, 0x0000000080c00000|  0%| F|  |TAMS 0x0000000080b00000| PB 0x0000000080b00000| Untracked 
|  12|0x0000000080c00000, 0x0000000080c00000, 0x0000000080d00000|  0%| F|  |TAMS 0x0000000080c00000| PB 0x0000000080c00000| Untracked 
|  13|0x0000000080d00000, 0x0000000080d00000, 0x0000000080e00000|  0%| F|  |TAMS 0x0000000080d00000| PB 0x0000000080d00000| Untracked 
|  14|0x0000000080e00000, 0x0000000080e00000, 0x0000000080f00000|  0%| F|  |TAMS 0x0000000080e00000| PB 0x0000000080e00000| Untracked 
|  15|0x0000000080f00000, 0x0000000080f00000, 0x0000000081000000|  0%| F|  |TAMS 0x0000000080f00000| PB 0x0000000080f00000| Untracked 
|  16|0x0000000081000000, 0x0000000081000000, 0x0000000081100000|  0%| F|  |TAMS 0x0000000081000000| PB 0x0000000081000000| Untracked 
|  17|0x0000000081100000, 0x0000000081100000, 0x0000000081200000|  0%| F|  |TAMS 0x0000000081100000| PB 0x0000000081100000| Untracked 
|  18|0x0000000081200000, 0x0000000081200000, 0x0000000081300000|  0%| F|  |TAMS 0x0000000081200000| PB 0x0000000081200000| Untracked 
|  19|0x0000000081300000, 0x0000000081300000, 0x0000000081400000|  0%| F|  |TAMS 0x0000000081300000| PB 0x0000000081300000| Untracked 
|  20|0x0000000081400000, 0x0000000081400000, 0x0000000081500000|  0%| F|  |TAMS 0x0000000081400000| PB 0x0000000081400000| Untracked 
|  21|0x0000000081500000, 0x0000000081500000, 0x0000000081600000|  0%| F|  |TAMS 0x0000000081500000| PB 0x0000000081500000| Untracked 
|  22|0x0000000081600000, 0x0000000081600000, 0x0000000081700000|  0%| F|  |TAMS 0x0000000081600000| PB 0x0000000081600000| Untracked 
|  23|0x0000000081700000, 0x0000000081700000, 0x0000000081800000|  0%| F|  |TAMS 0x0000000081700000| PB 0x0000000081700000| Untracked 
|  24|0x0000000081800000, 0x0000000081800000, 0x0000000081900000|  0%| F|  |TAMS 0x0000000081800000| PB 0x0000000081800000| Untracked 
|  25|0x0000000081900000, 0x0000000081900000, 0x0000000081a00000|  0%| F|  |TAMS 0x0000000081900000| PB 0x0000000081900000| Untracked 
|  26|0x0000000081a00000, 0x0000000081a00000, 0x0000000081b00000|  0%| F|  |TAMS 0x0000000081a00000| PB 0x0000000081a00000| Untracked 
|  27|0x0000000081b00000, 0x0000000081b00000, 0x0000000081c00000|  0%| F|  |TAMS 0x0000000081b00000| PB 0x0000000081b00000| Untracked 
|  28|0x0000000081c00000, 0x0000000081c00000, 0x0000000081d00000|  0%| F|  |TAMS 0x0000000081c00000| PB 0x0000000081c00000| Untracked 
|  29|0x0000000081d00000, 0x0000000081d00000, 0x0000000081e00000|  0%| F|  |TAMS 0x0000000081d00000| PB 0x0000000081d00000| Untracked 
|  30|0x0000000081e00000, 0x0000000081e00000, 0x0000000081f00000|  0%| F|  |TAMS 0x0000000081e00000| PB 0x0000000081e00000| Untracked 
|  31|0x0000000081f00000, 0x0000000081f00000, 0x0000000082000000|  0%| F|  |TAMS 0x0000000081f00000| PB 0x0000000081f00000| Untracked 
|  32|0x0000000082000000, 0x0000000082000000, 0x0000000082100000|  0%| F|  |TAMS 0x0000000082000000| PB 0x0000000082000000| Untracked 
|  33|0x0000000082100000, 0x0000000082100000, 0x0000000082200000|  0%| F|  |TAMS 0x0000000082100000| PB 0x0000000082100000| Untracked 
|  34|0x0000000082200000, 0x0000000082200000, 0x0000000082300000|  0%| F|  |TAMS 0x0000000082200000| PB 0x0000000082200000| Untracked 
|  35|0x0000000082300000, 0x0000000082300000, 0x0000000082400000|  0%| F|  |TAMS 0x0000000082300000| PB 0x0000000082300000| Untracked 
|  36|0x0000000082400000, 0x0000000082400000, 0x0000000082500000|  0%| F|  |TAMS 0x0000000082400000| PB 0x0000000082400000| Untracked 
|  37|0x0000000082500000, 0x0000000082500000, 0x0000000082600000|  0%| F|  |TAMS 0x0000000082500000| PB 0x0000000082500000| Untracked 
|  38|0x0000000082600000, 0x0000000082600000, 0x0000000082700000|  0%| F|  |TAMS 0x0000000082600000| PB 0x0000000082600000| Untracked 
|  39|0x0000000082700000, 0x0000000082700000, 0x0000000082800000|  0%| F|  |TAMS 0x0000000082700000| PB 0x0000000082700000| Untracked 
|  40|0x0000000082800000, 0x0000000082800000, 0x0000000082900000|  0%| F|  |TAMS 0x0000000082800000| PB 0x0000000082800000| Untracked 
|  41|0x0000000082900000, 0x0000000082a00000, 0x0000000082a00000|100%| S|CS|TAMS 0x0000000082900000| PB 0x0000000082900000| Complete 
|  42|0x0000000082a00000, 0x0000000082b00000, 0x0000000082b00000|100%| S|CS|TAMS 0x0000000082a00000| PB 0x0000000082a00000| Complete 
|  43|0x0000000082b00000, 0x0000000082c00000, 0x0000000082c00000|100%| S|CS|TAMS 0x0000000082b00000| PB 0x0000000082b00000| Complete 
|  44|0x0000000082c00000, 0x0000000082d00000, 0x0000000082d00000|100%| S|CS|TAMS 0x0000000082c00000| PB 0x0000000082c00000| Complete 
|  45|0x0000000082d00000, 0x0000000082e00000, 0x0000000082e00000|100%| S|CS|TAMS 0x0000000082d00000| PB 0x0000000082d00000| Complete 
|  46|0x0000000082e00000, 0x0000000082f00000, 0x0000000082f00000|100%| S|CS|TAMS 0x0000000082e00000| PB 0x0000000082e00000| Complete 
|  47|0x0000000082f00000, 0x0000000083000000, 0x0000000083000000|100%| S|CS|TAMS 0x0000000082f00000| PB 0x0000000082f00000| Complete 
|  48|0x0000000083000000, 0x0000000083100000, 0x0000000083100000|100%| S|CS|TAMS 0x0000000083000000| PB 0x0000000083000000| Complete 
|  49|0x0000000083100000, 0x0000000083200000, 0x0000000083200000|100%| S|CS|TAMS 0x0000000083100000| PB 0x0000000083100000| Complete 
|  50|0x0000000083200000, 0x0000000083300000, 0x0000000083300000|100%| S|CS|TAMS 0x0000000083200000| PB 0x0000000083200000| Complete 
|  51|0x0000000083300000, 0x0000000083300000, 0x0000000083400000|  0%| F|  |TAMS 0x0000000083300000| PB 0x0000000083300000| Untracked 
|  52|0x0000000083400000, 0x0000000083400000, 0x0000000083500000|  0%| F|  |TAMS 0x0000000083400000| PB 0x0000000083400000| Untracked 
|  53|0x0000000083500000, 0x0000000083500000, 0x0000000083600000|  0%| F|  |TAMS 0x0000000083500000| PB 0x0000000083500000| Untracked 
|  54|0x0000000083600000, 0x0000000083600000, 0x0000000083700000|  0%| F|  |TAMS 0x0000000083600000| PB 0x0000000083600000| Untracked 
|  55|0x0000000083700000, 0x0000000083700000, 0x0000000083800000|  0%| F|  |TAMS 0x0000000083700000| PB 0x0000000083700000| Untracked 
|  56|0x0000000083800000, 0x0000000083800000, 0x0000000083900000|  0%| F|  |TAMS 0x0000000083800000| PB 0x0000000083800000| Untracked 
|  57|0x0000000083900000, 0x0000000083900000, 0x0000000083a00000|  0%| F|  |TAMS 0x0000000083900000| PB 0x0000000083900000| Untracked 
|  58|0x0000000083a00000, 0x0000000083a00000, 0x0000000083b00000|  0%| F|  |TAMS 0x0000000083a00000| PB 0x0000000083a00000| Untracked 
|  59|0x0000000083b00000, 0x0000000083b00000, 0x0000000083c00000|  0%| F|  |TAMS 0x0000000083b00000| PB 0x0000000083b00000| Untracked 
|  60|0x0000000083c00000, 0x0000000083c00000, 0x0000000083d00000|  0%| F|  |TAMS 0x0000000083c00000| PB 0x0000000083c00000| Untracked 
|  61|0x0000000083d00000, 0x0000000083d00000, 0x0000000083e00000|  0%| F|  |TAMS 0x0000000083d00000| PB 0x0000000083d00000| Untracked 
|  62|0x0000000083e00000, 0x0000000083e00000, 0x0000000083f00000|  0%| F|  |TAMS 0x0000000083e00000| PB 0x0000000083e00000| Untracked 
|  63|0x0000000083f00000, 0x0000000083f00000, 0x0000000084000000|  0%| F|  |TAMS 0x0000000083f00000| PB 0x0000000083f00000| Untracked 
|  64|0x0000000084000000, 0x0000000084000000, 0x0000000084100000|  0%| F|  |TAMS 0x0000000084000000| PB 0x0000000084000000| Untracked 
|  65|0x0000000084100000, 0x0000000084100000, 0x0000000084200000|  0%| F|  |TAMS 0x0000000084100000| PB 0x0000000084100000| Untracked 
|  66|0x0000000084200000, 0x0000000084200000, 0x0000000084300000|  0%| F|  |TAMS 0x0000000084200000| PB 0x0000000084200000| Untracked 
|  67|0x0000000084300000, 0x0000000084300000, 0x0000000084400000|  0%| F|  |TAMS 0x0000000084300000| PB 0x0000000084300000| Untracked 
|  68|0x0000000084400000, 0x0000000084400000, 0x0000000084500000|  0%| F|  |TAMS 0x0000000084400000| PB 0x0000000084400000| Untracked 
|  69|0x0000000084500000, 0x0000000084500000, 0x0000000084600000|  0%| F|  |TAMS 0x0000000084500000| PB 0x0000000084500000| Untracked 
|  70|0x0000000084600000, 0x0000000084600000, 0x0000000084700000|  0%| F|  |TAMS 0x0000000084600000| PB 0x0000000084600000| Untracked 
|  71|0x0000000084700000, 0x0000000084700000, 0x0000000084800000|  0%| F|  |TAMS 0x0000000084700000| PB 0x0000000084700000| Untracked 
|  72|0x0000000084800000, 0x0000000084800000, 0x0000000084900000|  0%| F|  |TAMS 0x0000000084800000| PB 0x0000000084800000| Untracked 
|  73|0x0000000084900000, 0x0000000084900000, 0x0000000084a00000|  0%| F|  |TAMS 0x0000000084900000| PB 0x0000000084900000| Untracked 
|  74|0x0000000084a00000, 0x0000000084a00000, 0x0000000084b00000|  0%| F|  |TAMS 0x0000000084a00000| PB 0x0000000084a00000| Untracked 
|  75|0x0000000084b00000, 0x0000000084b00000, 0x0000000084c00000|  0%| F|  |TAMS 0x0000000084b00000| PB 0x0000000084b00000| Untracked 
|  76|0x0000000084c00000, 0x0000000084c00000, 0x0000000084d00000|  0%| F|  |TAMS 0x0000000084c00000| PB 0x0000000084c00000| Untracked 
|  77|0x0000000084d00000, 0x0000000084d00000, 0x0000000084e00000|  0%| F|  |TAMS 0x0000000084d00000| PB 0x0000000084d00000| Untracked 
|  78|0x0000000084e00000, 0x0000000084e00000, 0x0000000084f00000|  0%| F|  |TAMS 0x0000000084e00000| PB 0x0000000084e00000| Untracked 
|  79|0x0000000084f00000, 0x0000000084f00000, 0x0000000085000000|  0%| F|  |TAMS 0x0000000084f00000| PB 0x0000000084f00000| Untracked 
|  80|0x0000000085000000, 0x0000000085000000, 0x0000000085100000|  0%| F|  |TAMS 0x0000000085000000| PB 0x0000000085000000| Untracked 
|  81|0x0000000085100000, 0x0000000085100000, 0x0000000085200000|  0%| F|  |TAMS 0x0000000085100000| PB 0x0000000085100000| Untracked 
|  82|0x0000000085200000, 0x0000000085200000, 0x0000000085300000|  0%| F|  |TAMS 0x0000000085200000| PB 0x0000000085200000| Untracked 
|  83|0x0000000085300000, 0x0000000085300000, 0x0000000085400000|  0%| F|  |TAMS 0x0000000085300000| PB 0x0000000085300000| Untracked 
|  84|0x0000000085400000, 0x0000000085400000, 0x0000000085500000|  0%| F|  |TAMS 0x0000000085400000| PB 0x0000000085400000| Untracked 
|  85|0x0000000085500000, 0x0000000085500000, 0x0000000085600000|  0%| F|  |TAMS 0x0000000085500000| PB 0x0000000085500000| Untracked 
|  86|0x0000000085600000, 0x0000000085600000, 0x0000000085700000|  0%| F|  |TAMS 0x0000000085600000| PB 0x0000000085600000| Untracked 
|  87|0x0000000085700000, 0x0000000085700000, 0x0000000085800000|  0%| F|  |TAMS 0x0000000085700000| PB 0x0000000085700000| Untracked 
|  88|0x0000000085800000, 0x0000000085800000, 0x0000000085900000|  0%| F|  |TAMS 0x0000000085800000| PB 0x0000000085800000| Untracked 
|  89|0x0000000085900000, 0x0000000085900000, 0x0000000085a00000|  0%| F|  |TAMS 0x0000000085900000| PB 0x0000000085900000| Untracked 
|  90|0x0000000085a00000, 0x0000000085a00000, 0x0000000085b00000|  0%| F|  |TAMS 0x0000000085a00000| PB 0x0000000085a00000| Untracked 
|  91|0x0000000085b00000, 0x0000000085b00000, 0x0000000085c00000|  0%| F|  |TAMS 0x0000000085b00000| PB 0x0000000085b00000| Untracked 
|  92|0x0000000085c00000, 0x0000000085c00000, 0x0000000085d00000|  0%| F|  |TAMS 0x0000000085c00000| PB 0x0000000085c00000| Untracked 
|  93|0x0000000085d00000, 0x0000000085d00000, 0x0000000085e00000|  0%| F|  |TAMS 0x0000000085d00000| PB 0x0000000085d00000| Untracked 
|  94|0x0000000085e00000, 0x0000000085eddec8, 0x0000000085f00000| 86%| E|  |TAMS 0x0000000085e00000| PB 0x0000000085e00000| Complete 
|  95|0x0000000085f00000, 0x0000000086000000, 0x0000000086000000|100%| E|CS|TAMS 0x0000000085f00000| PB 0x0000000085f00000| Complete 
|  96|0x0000000086000000, 0x0000000086100000, 0x0000000086100000|100%| E|CS|TAMS 0x0000000086000000| PB 0x0000000086000000| Complete 
|  97|0x0000000086100000, 0x0000000086200000, 0x0000000086200000|100%| E|CS|TAMS 0x0000000086100000| PB 0x0000000086100000| Complete 
|  98|0x0000000086200000, 0x0000000086300000, 0x0000000086300000|100%| E|CS|TAMS 0x0000000086200000| PB 0x0000000086200000| Complete 
|  99|0x0000000086300000, 0x0000000086400000, 0x0000000086400000|100%| E|CS|TAMS 0x0000000086300000| PB 0x0000000086300000| Complete 
| 100|0x0000000086400000, 0x0000000086500000, 0x0000000086500000|100%| E|CS|TAMS 0x0000000086400000| PB 0x0000000086400000| Complete 
| 101|0x0000000086500000, 0x0000000086600000, 0x0000000086600000|100%| E|CS|TAMS 0x0000000086500000| PB 0x0000000086500000| Complete 
| 102|0x0000000086600000, 0x0000000086700000, 0x0000000086700000|100%| E|CS|TAMS 0x0000000086600000| PB 0x0000000086600000| Complete 
| 103|0x0000000086700000, 0x0000000086800000, 0x0000000086800000|100%| E|CS|TAMS 0x0000000086700000| PB 0x0000000086700000| Complete 
| 104|0x0000000086800000, 0x0000000086900000, 0x0000000086900000|100%| E|CS|TAMS 0x0000000086800000| PB 0x0000000086800000| Complete 
| 105|0x0000000086900000, 0x0000000086a00000, 0x0000000086a00000|100%| E|CS|TAMS 0x0000000086900000| PB 0x0000000086900000| Complete 
| 106|0x0000000086a00000, 0x0000000086b00000, 0x0000000086b00000|100%| E|CS|TAMS 0x0000000086a00000| PB 0x0000000086a00000| Complete 
| 107|0x0000000086b00000, 0x0000000086c00000, 0x0000000086c00000|100%| E|CS|TAMS 0x0000000086b00000| PB 0x0000000086b00000| Complete 
| 108|0x0000000086c00000, 0x0000000086d00000, 0x0000000086d00000|100%| E|CS|TAMS 0x0000000086c00000| PB 0x0000000086c00000| Complete 
| 109|0x0000000086d00000, 0x0000000086e00000, 0x0000000086e00000|100%| E|CS|TAMS 0x0000000086d00000| PB 0x0000000086d00000| Complete 
| 110|0x0000000086e00000, 0x0000000086f00000, 0x0000000086f00000|100%| E|CS|TAMS 0x0000000086e00000| PB 0x0000000086e00000| Complete 
| 111|0x0000000086f00000, 0x0000000087000000, 0x0000000087000000|100%| E|CS|TAMS 0x0000000086f00000| PB 0x0000000086f00000| Complete 
| 112|0x0000000087000000, 0x0000000087100000, 0x0000000087100000|100%| E|CS|TAMS 0x0000000087000000| PB 0x0000000087000000| Complete 
| 113|0x0000000087100000, 0x0000000087200000, 0x0000000087200000|100%| E|CS|TAMS 0x0000000087100000| PB 0x0000000087100000| Complete 
| 114|0x0000000087200000, 0x0000000087300000, 0x0000000087300000|100%| E|CS|TAMS 0x0000000087200000| PB 0x0000000087200000| Complete 
| 115|0x0000000087300000, 0x0000000087400000, 0x0000000087400000|100%| E|CS|TAMS 0x0000000087300000| PB 0x0000000087300000| Complete 
| 116|0x0000000087400000, 0x0000000087500000, 0x0000000087500000|100%| E|CS|TAMS 0x0000000087400000| PB 0x0000000087400000| Complete 
| 117|0x0000000087500000, 0x0000000087600000, 0x0000000087600000|100%| E|CS|TAMS 0x0000000087500000| PB 0x0000000087500000| Complete 
| 118|0x0000000087600000, 0x0000000087700000, 0x0000000087700000|100%| E|CS|TAMS 0x0000000087600000| PB 0x0000000087600000| Complete 
| 119|0x0000000087700000, 0x0000000087800000, 0x0000000087800000|100%| E|CS|TAMS 0x0000000087700000| PB 0x0000000087700000| Complete 
| 120|0x0000000087800000, 0x0000000087900000, 0x0000000087900000|100%| E|CS|TAMS 0x0000000087800000| PB 0x0000000087800000| Complete 
| 121|0x0000000087900000, 0x0000000087a00000, 0x0000000087a00000|100%| E|CS|TAMS 0x0000000087900000| PB 0x0000000087900000| Complete 
| 122|0x0000000087a00000, 0x0000000087b00000, 0x0000000087b00000|100%| E|CS|TAMS 0x0000000087a00000| PB 0x0000000087a00000| Complete 
| 123|0x0000000087b00000, 0x0000000087c00000, 0x0000000087c00000|100%| E|CS|TAMS 0x0000000087b00000| PB 0x0000000087b00000| Complete 
| 124|0x0000000087c00000, 0x0000000087d00000, 0x0000000087d00000|100%| E|CS|TAMS 0x0000000087c00000| PB 0x0000000087c00000| Complete 
| 125|0x0000000087d00000, 0x0000000087e00000, 0x0000000087e00000|100%| E|CS|TAMS 0x0000000087d00000| PB 0x0000000087d00000| Complete 

Card table byte_map: [0x0000029c76770000,0x0000029c76b70000] _byte_map_base: 0x0000029c76370000

Marking Bits: (CMBitMap*) 0x0000029c6c322720
 Bits: [0x0000029c76b70000, 0x0000029c78b70000)

Polling page: 0x0000029c6c030000

Metaspace:

Usage:
  Non-class:     12.25 MB used.
      Class:      1.88 MB used.
       Both:     14.13 MB used.

Virtual space:
  Non-class space:       64.00 MB reserved,      12.44 MB ( 19%) committed,  1 nodes.
      Class space:        1.00 GB reserved,       2.06 MB ( <1%) committed,  1 nodes.
             Both:        1.06 GB reserved,      14.50 MB (  1%) committed. 

Chunk freelists:
   Non-Class:  3.19 MB
       Class:  13.97 MB
        Both:  17.16 MB

MaxMetaspaceSize: unlimited
CompressedClassSpaceSize: 1.00 GB
Initial GC threshold: 21.00 MB
Current GC threshold: 21.00 MB
CDS: on
 - commit_granule_bytes: 65536.
 - commit_granule_words: 8192.
 - virtual_space_node_default_size: 8388608.
 - enlarge_chunks_in_place: 1.
 - use_allocation_guard: 0.


Internal statistics:

num_allocs_failed_limit: 0.
num_arena_births: 472.
num_arena_deaths: 0.
num_vsnodes_births: 2.
num_vsnodes_deaths: 0.
num_space_committed: 232.
num_space_uncommitted: 0.
num_chunks_returned_to_freelist: 0.
num_chunks_taken_from_freelist: 932.
num_chunk_merges: 0.
num_chunk_splits: 595.
num_chunks_enlarged: 416.
num_inconsistent_stats: 0.

CodeHeap 'non-profiled nmethods': size=120000Kb used=1254Kb max_used=1254Kb free=118745Kb
 bounds [0x0000029c07ad0000, 0x0000029c07d40000, 0x0000029c0f000000]
CodeHeap 'profiled nmethods': size=120000Kb used=5363Kb max_used=5363Kb free=114637Kb
 bounds [0x0000029c00000000, 0x0000029c00540000, 0x0000029c07530000]
CodeHeap 'non-nmethods': size=5760Kb used=1623Kb max_used=1638Kb free=4136Kb
 bounds [0x0000029c07530000, 0x0000029c077a0000, 0x0000029c07ad0000]
 total_blobs=3215 nmethods=2668 adapters=451
 compilation: enabled
              stopped_count=0, restarted_count=0
 full_count=0

Compilation events (20 events):
Event: 7.313 Thread 0x0000029c7b1a4c60 2654       4       jdk.internal.org.objectweb.asm.Frame::execute (2305 bytes)
Event: 7.313 Thread 0x0000029c7b1d2ba0 nmethod 2653 0x0000029c0052e610 code [0x0000029c0052e800, 0x0000029c0052eeb8]
Event: 7.313 Thread 0x0000029c7b1d2ba0 2655       3       jdk.internal.org.objectweb.asm.MethodWriter::putFrame (549 bytes)
Event: 7.315 Thread 0x0000029c7b1d2ba0 nmethod 2655 0x0000029c0052f010 code [0x0000029c0052f4a0, 0x0000029c00530fb0]
Event: 7.315 Thread 0x0000029c7b1d2ba0 2652       3       java.lang.reflect.ReflectAccess::getExecutableSharedParameterTypes (5 bytes)
Event: 7.315 Thread 0x0000029c7b1d2ba0 nmethod 2652 0x0000029c00531c10 code [0x0000029c00531dc0, 0x0000029c00531f98]
Event: 7.319 Thread 0x0000029c7b1d2ba0 2657       3       org.gradle.internal.service.DefaultServiceRegistry$FactoryService::<init> (14 bytes)
Event: 7.319 Thread 0x0000029c7b1d2ba0 nmethod 2657 0x0000029c00532090 code [0x0000029c00532240, 0x0000029c005323e8]
Event: 7.319 Thread 0x0000029c7b1d2ba0 2659       3       org.gradle.internal.service.DefaultServiceRegistry::validateImplementationForServiceTypes (84 bytes)
Event: 7.320 Thread 0x0000029c7b1d2ba0 nmethod 2659 0x0000029c00532490 code [0x0000029c005327c0, 0x0000029c005339d8]
Event: 7.320 Thread 0x0000029c7b1d2ba0 2658       3       org.gradle.internal.service.DefaultServiceRegistry::access$2700 (6 bytes)
Event: 7.320 Thread 0x0000029c7b1d2ba0 nmethod 2658 0x0000029c00534010 code [0x0000029c005341c0, 0x0000029c005342d8]
Event: 7.320 Thread 0x0000029c7b1d2ba0 2660       3       java.lang.Package::<init> (47 bytes)
Event: 7.321 Thread 0x0000029c7b1d2ba0 nmethod 2660 0x0000029c00534390 code [0x0000029c00534580, 0x0000029c005349e8]
Event: 7.326 Thread 0x0000029c7b1d2ba0 2661   !   3       org.gradle.internal.service.DefaultServiceRegistry$SingletonService::prepare (111 bytes)
Event: 7.326 Thread 0x0000029c7b1d2ba0 nmethod 2661 0x0000029c00534c10 code [0x0000029c00534ec0, 0x0000029c00535a60]
Event: 7.326 Thread 0x0000029c7b1d2ba0 2662       3       org.gradle.internal.service.DefaultServiceRegistry$SingletonService::get (5 bytes)
Event: 7.327 Thread 0x0000029c7b1d2ba0 nmethod 2662 0x0000029c00535f90 code [0x0000029c00536140, 0x0000029c00536278]
Event: 7.352 Thread 0x0000029c7b1d2ba0 2663       1       java.util.concurrent.atomic.AtomicInteger::get (5 bytes)
Event: 7.353 Thread 0x0000029c7b1d2ba0 nmethod 2663 0x0000029c07c09790 code [0x0000029c07c09920, 0x0000029c07c099e8]

GC Heap History (6 events):
Event: 1.901 GC heap before
{Heap before GC invocations=0 (full 0):
 garbage-first heap   total 129024K, used 13312K [0x0000000080000000, 0x0000000100000000)
  region size 1024K, 13 young (13312K), 0 survivors (0K)
 Metaspace       used 821K, committed 960K, reserved 1114112K
  class space    used 67K, committed 128K, reserved 1048576K
}
Event: 1.904 GC heap after
{Heap after GC invocations=1 (full 0):
 garbage-first heap   total 129024K, used 1365K [0x0000000080000000, 0x0000000100000000)
  region size 1024K, 2 young (2048K), 2 survivors (2048K)
 Metaspace       used 821K, committed 960K, reserved 1114112K
  class space    used 67K, committed 128K, reserved 1048576K
}
Event: 3.492 GC heap before
{Heap before GC invocations=1 (full 0):
 garbage-first heap   total 129024K, used 29013K [0x0000000080000000, 0x0000000100000000)
  region size 1024K, 27 young (27648K), 2 survivors (2048K)
 Metaspace       used 3624K, committed 3776K, reserved 1114112K
  class space    used 452K, committed 512K, reserved 1048576K
}
Event: 3.497 GC heap after
{Heap after GC invocations=2 (full 0):
 garbage-first heap   total 129024K, used 10514K [0x0000000080000000, 0x0000000100000000)
  region size 1024K, 4 young (4096K), 4 survivors (4096K)
 Metaspace       used 3624K, committed 3776K, reserved 1114112K
  class space    used 452K, committed 512K, reserved 1048576K
}
Event: 6.027 GC heap before
{Heap before GC invocations=2 (full 0):
 garbage-first heap   total 129024K, used 84242K [0x0000000080000000, 0x0000000100000000)
  region size 1024K, 75 young (76800K), 4 survivors (4096K)
 Metaspace       used 7233K, committed 7488K, reserved 1114112K
  class space    used 948K, committed 1088K, reserved 1048576K
}
Event: 6.036 GC heap after
{Heap after GC invocations=3 (full 0):
 garbage-first heap   total 129024K, used 17880K [0x0000000080000000, 0x0000000100000000)
  region size 1024K, 10 young (10240K), 10 survivors (10240K)
 Metaspace       used 7233K, committed 7488K, reserved 1114112K
  class space    used 948K, committed 1088K, reserved 1048576K
}

Dll operation events (15 events):
Event: 0.029 Loaded shared library C:\Program Files\Java\jdk-21\bin\java.dll
Event: 1.104 Loaded shared library C:\Program Files\Java\jdk-21\bin\jsvml.dll
Event: 1.314 Loaded shared library C:\Program Files\Java\jdk-21\bin\zip.dll
Event: 1.321 Loaded shared library C:\Program Files\Java\jdk-21\bin\instrument.dll
Event: 1.332 Loaded shared library C:\Program Files\Java\jdk-21\bin\net.dll
Event: 1.337 Loaded shared library C:\Program Files\Java\jdk-21\bin\nio.dll
Event: 1.346 Loaded shared library C:\Program Files\Java\jdk-21\bin\zip.dll
Event: 2.154 Loaded shared library C:\Program Files\Java\jdk-21\bin\jimage.dll
Event: 2.760 Loaded shared library C:\Program Files\Java\jdk-21\bin\verify.dll
Event: 2.983 Loaded shared library C:\Users\ADMIN\.gradle\native\1def1411415f61bf3af743bc5b6707747c0891f09f0c88961ee8f79bc544acac\windows-amd64\native-platform.dll
Event: 3.005 Loaded shared library C:\Users\ADMIN\.gradle\native\0.2.7\x86_64-windows-gnu\gradle-fileevents.dll
Event: 5.845 Loaded shared library C:\Program Files\Java\jdk-21\bin\management.dll
Event: 5.853 Loaded shared library C:\Program Files\Java\jdk-21\bin\management_ext.dll
Event: 6.152 Loaded shared library C:\Program Files\Java\jdk-21\bin\extnet.dll
Event: 6.607 Loaded shared library C:\Program Files\Java\jdk-21\bin\sunmscapi.dll

Deoptimization events (20 events):
Event: 6.878 Thread 0x0000029c544a1720 DEOPT PACKING pc=0x0000029c07b996c4 sp=0x000000a8601ff100
Event: 6.878 Thread 0x0000029c544a1720 DEOPT UNPACKING pc=0x0000029c07587da2 sp=0x000000a8601ff088 mode 2
Event: 6.881 Thread 0x0000029c544a1720 Uncommon trap: trap_request=0xffffffc6 fr.pc=0x0000029c07beb4dc relative=0x00000000000007fc
Event: 6.881 Thread 0x0000029c544a1720 Uncommon trap: reason=bimorphic_or_optimized_type_check action=maybe_recompile pc=0x0000029c07beb4dc method=java.util.HashMap.putVal(ILjava/lang/Object;Ljava/lang/Object;ZZ)Ljava/lang/Object; @ 253 c2
Event: 6.881 Thread 0x0000029c544a1720 DEOPT PACKING pc=0x0000029c07beb4dc sp=0x000000a8601fee80
Event: 6.881 Thread 0x0000029c544a1720 DEOPT UNPACKING pc=0x0000029c07587da2 sp=0x000000a8601fee20 mode 2
Event: 6.882 Thread 0x0000029c544a1720 Uncommon trap: trap_request=0xffffffc6 fr.pc=0x0000029c07beb4dc relative=0x00000000000007fc
Event: 6.882 Thread 0x0000029c544a1720 Uncommon trap: reason=bimorphic_or_optimized_type_check action=maybe_recompile pc=0x0000029c07beb4dc method=java.util.HashMap.putVal(ILjava/lang/Object;Ljava/lang/Object;ZZ)Ljava/lang/Object; @ 253 c2
Event: 6.882 Thread 0x0000029c544a1720 DEOPT PACKING pc=0x0000029c07beb4dc sp=0x000000a8601fef70
Event: 6.882 Thread 0x0000029c544a1720 DEOPT UNPACKING pc=0x0000029c07587da2 sp=0x000000a8601fef10 mode 2
Event: 6.947 Thread 0x0000029c544a1720 DEOPT PACKING pc=0x0000029c000feec1 sp=0x000000a8601f91e0
Event: 6.947 Thread 0x0000029c544a1720 DEOPT UNPACKING pc=0x0000029c075888e2 sp=0x000000a8601f8700 mode 0
Event: 7.147 Thread 0x0000029c544a1720 Uncommon trap: trap_request=0xffffff45 fr.pc=0x0000029c07b6d7b0 relative=0x0000000000000270
Event: 7.147 Thread 0x0000029c544a1720 Uncommon trap: reason=unstable_if action=reinterpret pc=0x0000029c07b6d7b0 method=java.util.concurrent.ConcurrentHashMap.get(Ljava/lang/Object;)Ljava/lang/Object; @ 76 c2
Event: 7.147 Thread 0x0000029c544a1720 DEOPT PACKING pc=0x0000029c07b6d7b0 sp=0x000000a8601fbfe0
Event: 7.147 Thread 0x0000029c544a1720 DEOPT UNPACKING pc=0x0000029c07587da2 sp=0x000000a8601fbf48 mode 2
Event: 7.192 Thread 0x0000029c544a1720 Uncommon trap: trap_request=0xffffffcc fr.pc=0x0000029c07bfbf20 relative=0x0000000000000360
Event: 7.192 Thread 0x0000029c544a1720 Uncommon trap: reason=intrinsic_or_type_checked_inlining action=make_not_entrant pc=0x0000029c07bfbf20 method=java.util.Arrays.copyOf([Ljava/lang/Object;ILjava/lang/Class;)[Ljava/lang/Object; @ 35 c2
Event: 7.192 Thread 0x0000029c544a1720 DEOPT PACKING pc=0x0000029c07bfbf20 sp=0x000000a8601fcca0
Event: 7.192 Thread 0x0000029c544a1720 DEOPT UNPACKING pc=0x0000029c07587da2 sp=0x000000a8601fcc30 mode 2

Classes loaded (20 events):
Event: 7.146 Loading class jdk/internal/vm/annotation/IntrinsicCandidate
Event: 7.147 Loading class jdk/internal/vm/annotation/IntrinsicCandidate done
Event: 7.149 Loading class java/util/stream/MatchOps$MatchKind
Event: 7.149 Loading class java/util/stream/MatchOps$MatchKind done
Event: 7.149 Loading class java/util/stream/MatchOps
Event: 7.149 Loading class java/util/stream/MatchOps done
Event: 7.150 Loading class java/util/stream/MatchOps$MatchOp
Event: 7.150 Loading class java/util/stream/MatchOps$MatchOp done
Event: 7.150 Loading class java/util/stream/MatchOps$BooleanTerminalSink
Event: 7.150 Loading class java/util/stream/MatchOps$BooleanTerminalSink done
Event: 7.151 Loading class java/util/stream/MatchOps$1MatchSink
Event: 7.151 Loading class java/util/stream/MatchOps$1MatchSink done
Event: 7.181 Loading class java/lang/TypeNotPresentException
Event: 7.181 Loading class java/lang/TypeNotPresentException done
Event: 7.231 Loading class java/util/ConcurrentModificationException
Event: 7.231 Loading class java/util/ConcurrentModificationException done
Event: 7.246 Loading class jdk/internal/org/objectweb/asm/ClassReader
Event: 7.247 Loading class jdk/internal/org/objectweb/asm/ClassReader done
Event: 7.259 Loading class sun/reflect/generics/scope/ConstructorScope
Event: 7.260 Loading class sun/reflect/generics/scope/ConstructorScope done

Classes unloaded (0 events):
No events

Classes redefined (0 events):
No events

Internal exceptions (20 events):
Event: 6.334 Thread 0x0000029c6bf35640 Exception <a 'java/lang/NoSuchMethodError'{0x0000000087ad6b88}: 'java.lang.Object java.lang.invoke.DirectMethodHandle$Holder.invokeStaticInit(java.lang.Object, int, int, int, int)'> (0x0000000087ad6b88) 
thrown [s\open\src\hotspot\share\interpreter\linkResolver.cpp, line 773]
Event: 6.386 Thread 0x0000029c6bf35640 Exception <a 'java/lang/NoSuchMethodError'{0x00000000879b0690}: 'java.lang.Object java.lang.invoke.DirectMethodHandle$Holder.invokeStaticInit(java.lang.Object, java.lang.Object, int, int, int, int)'> (0x00000000879b0690) 
thrown [s\open\src\hotspot\share\interpreter\linkResolver.cpp, line 773]
Event: 6.504 Thread 0x0000029c6bf35640 Exception <a 'java/io/IOException'{0x000000008769bd50}> (0x000000008769bd50) 
thrown [s\open\src\hotspot\share\prims\jni.cpp, line 520]
Event: 6.518 Thread 0x0000029c6bf35640 Implicit null exception at 0x0000029c07b3b920 to 0x0000029c07b3bf34
Event: 6.527 Thread 0x0000029c6bf35640 Exception <a 'java/lang/NoSuchMethodError'{0x000000008750cdc0}: 'java.lang.Object java.lang.invoke.DirectMethodHandle$Holder.newInvokeSpecial(java.lang.Object, java.lang.Object, java.lang.Object, java.lang.Object, java.lang.Object)'> (0x000000008750cdc0) 
thrown [s\open\src\hotspot\share\interpreter\linkResolver.cpp, line 773]
Event: 6.793 Thread 0x0000029c55bc87b0 Exception <a 'java/lang/NoSuchMethodError'{0x00000000871ab6c8}: 'long java.lang.invoke.DirectMethodHandle$Holder.invokeSpecial(java.lang.Object, java.lang.Object)'> (0x00000000871ab6c8) 
thrown [s\open\src\hotspot\share\interpreter\linkResolver.cpp, line 773]
Event: 6.793 Thread 0x0000029c55bc87b0 Exception <a 'java/lang/NoSuchMethodError'{0x00000000871aeaf0}: 'long java.lang.invoke.Invokers$Holder.invokeExact_MT(java.lang.Object, java.lang.Object)'> (0x00000000871aeaf0) 
thrown [s\open\src\hotspot\share\interpreter\linkResolver.cpp, line 773]
Event: 6.803 Thread 0x0000029c55bc87b0 Exception <a 'java/lang/NoSuchMethodError'{0x00000000871d50f0}: 'void java.lang.invoke.DirectMethodHandle$Holder.invokeSpecial(java.lang.Object, java.lang.Object, java.lang.Object)'> (0x00000000871d50f0) 
thrown [s\open\src\hotspot\share\interpreter\linkResolver.cpp, line 773]
Event: 6.817 Thread 0x0000029c55bc87b0 Exception <a 'java/lang/NoSuchMethodError'{0x00000000871fe070}: static Lorg/gradle/tooling/internal/provider/serialization/ClassLoaderDetails;.<clinit>()V> (0x00000000871fe070) 
thrown [s\open\src\hotspot\share\prims\jni.cpp, line 1111]
Event: 6.827 Thread 0x0000029c55bc87b0 Exception <a 'java/lang/NoSuchMethodError'{0x0000000087018310}: static Lorg/gradle/internal/classloader/ClassLoaderSpec;.<clinit>()V> (0x0000000087018310) 
thrown [s\open\src\hotspot\share\prims\jni.cpp, line 1111]
Event: 6.829 Thread 0x0000029c55bc87b0 Exception <a 'java/lang/NoSuchMethodError'{0x0000000087021d70}: static Lorg/gradle/tooling/internal/provider/serialization/WellKnownClassLoaderRegistry$KnownClassLoaderSpec;.<clinit>()V> (0x0000000087021d70) 
thrown [s\open\src\hotspot\share\prims\jni.cpp, line 1111]
Event: 6.832 Thread 0x0000029c55bc87b0 Exception <a 'java/lang/NoSuchMethodError'{0x00000000870381d8}: static Lorg/gradle/tooling/internal/provider/serialization/ClientOwnedClassLoaderSpec;.<clinit>()V> (0x00000000870381d8) 
thrown [s\open\src\hotspot\share\prims\jni.cpp, line 1111]
Event: 6.993 Thread 0x0000029c544a1720 Exception <a 'java/lang/NoSuchMethodError'{0x0000000086b4afd8}: 'long java.lang.invoke.DirectMethodHandle$Holder.invokeInterface(java.lang.Object, java.lang.Object)'> (0x0000000086b4afd8) 
thrown [s\open\src\hotspot\share\interpreter\linkResolver.cpp, line 773]
Event: 7.098 Thread 0x0000029c544a1720 Exception <a 'java/lang/NoSuchMethodError'{0x000000008675d830}: 'void java.lang.invoke.DirectMethodHandle$Holder.invokeStatic(java.lang.Object, java.lang.Object)'> (0x000000008675d830) 
thrown [s\open\src\hotspot\share\interpreter\linkResolver.cpp, line 773]
Event: 7.103 Thread 0x0000029c544a1720 Exception <a 'java/lang/NoSuchMethodError'{0x00000000867974a0}: 'java.lang.Object java.lang.invoke.DirectMethodHandle$Holder.invokeVirtual(java.lang.Object, java.lang.Object, java.lang.Object, java.lang.Object, java.lang.Object, java.lang.Object, java.lang.Object, java.lang.Object, java.lang.Object, java.lang.Object, java.lang.Object, java.lang.Object)'> (0x00000000867974a0) 
thrown [s\open\src\hotspot\share\interpreter\linkResolver.cpp, line 773]
Event: 7.106 Thread 0x0000029c544a1720 Exception <a 'java/lang/NoSuchMethodError'{0x000000008679c520}: 'java.lang.Object java.lang.invoke.DirectMethodHandle$Holder.invokeSpecial(java.lang.Object, java.lang.Object, java.lang.Object, java.lang.Object, java.lang.Object, java.lang.Object, java.lang.Object, java.lang.Object, java.lang.Object, java.lang.Object, java.lang.Object, java.lang.Object, java.lang.Object)'> (0x000000008679c520) 
thrown [s\open\src\hotspot\share\interpreter\linkResolver.cpp, line 773]
Event: 7.156 Thread 0x0000029c544a1720 Exception <a 'java/lang/NoSuchMethodError'{0x000000008658f8d0}: 'int java.lang.invoke.DirectMethodHandle$Holder.invokeVirtual(java.lang.Object, java.lang.Object, java.lang.Object)'> (0x000000008658f8d0) 
thrown [s\open\src\hotspot\share\interpreter\linkResolver.cpp, line 773]
Event: 7.211 Thread 0x0000029c544a1720 Exception <a 'java/lang/NoSuchMethodError'{0x00000000863f4318}: 'java.lang.Object java.lang.invoke.DirectMethodHandle$Holder.newInvokeSpecial(java.lang.Object, java.lang.Object, java.lang.Object, java.lang.Object, java.lang.Object, java.lang.Object)'> (0x00000000863f4318) 
thrown [s\open\src\hotspot\share\interpreter\linkResolver.cpp, line 773]
Event: 7.294 Thread 0x0000029c544a1720 Exception <a 'java/lang/NoSuchMethodError'{0x00000000860bb028}: 'void java.lang.invoke.DelegatingMethodHandle$Holder.reinvoke_L(java.lang.Object, java.lang.Object, java.lang.Object, java.lang.Object, java.lang.Object, java.lang.Object, java.lang.Object, java.lang.Object, java.lang.Object, java.lang.Object)'> (0x00000000860bb028) 
thrown [s\open\src\hotspot\share\interpreter\linkResolver.cpp, line 773]
Event: 7.294 Thread 0x0000029c544a1720 Exception <a 'java/lang/NoSuchMethodError'{0x00000000860c2a48}: 'java.lang.Object java.lang.invoke.Invokers$Holder.invoker(java.lang.Object, java.lang.Object, java.lang.Object, java.lang.Object, java.lang.Object, java.lang.Object, java.lang.Object, java.lang.Object, java.lang.Object, java.lang.Object)'> (0x00000000860c2a48) 
thrown [s\open\src\hotspot\share\interpreter\linkResolver.cpp, line 773]

ZGC Phase Switch (0 events):
No events

VM Operations (20 events):
Event: 5.882 Executing VM operation: HandshakeAllThreads (Deoptimize)
Event: 5.882 Executing VM operation: HandshakeAllThreads (Deoptimize) done
Event: 5.927 Executing VM operation: HandshakeAllThreads (Deoptimize)
Event: 5.927 Executing VM operation: HandshakeAllThreads (Deoptimize) done
Event: 5.932 Executing VM operation: HandshakeAllThreads (Deoptimize)
Event: 5.932 Executing VM operation: HandshakeAllThreads (Deoptimize) done
Event: 5.933 Executing VM operation: HandshakeAllThreads (Deoptimize)
Event: 5.933 Executing VM operation: HandshakeAllThreads (Deoptimize) done
Event: 6.027 Executing VM operation: G1CollectForAllocation (G1 Evacuation Pause)
Event: 6.036 Executing VM operation: G1CollectForAllocation (G1 Evacuation Pause) done
Event: 6.186 Executing VM operation: HandshakeAllThreads (Deoptimize)
Event: 6.186 Executing VM operation: HandshakeAllThreads (Deoptimize) done
Event: 6.266 Executing VM operation: HandshakeAllThreads (Deoptimize)
Event: 6.266 Executing VM operation: HandshakeAllThreads (Deoptimize) done
Event: 6.360 Executing VM operation: HandshakeAllThreads (Deoptimize)
Event: 6.360 Executing VM operation: HandshakeAllThreads (Deoptimize) done
Event: 6.623 Executing VM operation: HandshakeAllThreads (Deoptimize)
Event: 6.623 Executing VM operation: HandshakeAllThreads (Deoptimize) done
Event: 7.085 Executing VM operation: ICBufferFull
Event: 7.085 Executing VM operation: ICBufferFull done

Events (20 events):
Event: 1.096 Thread 0x0000029c7b19f1f0 Thread added: 0x0000029c7b19f1f0
Event: 1.096 Thread 0x0000029c7b19fc50 Thread added: 0x0000029c7b19fc50
Event: 1.096 Thread 0x0000029c7b1a4c60 Thread added: 0x0000029c7b1a4c60
Event: 1.098 Thread 0x0000029c7b1d2ba0 Thread added: 0x0000029c7b1d2ba0
Event: 1.327 Thread 0x0000029c54314fd0 Thread added: 0x0000029c54314fd0
Event: 1.383 Thread 0x0000029c54369ec0 Thread added: 0x0000029c54369ec0
Event: 2.150 Thread 0x0000029c543bb700 Thread added: 0x0000029c543bb700
Event: 2.679 Thread 0x0000029c543bb700 Thread exited: 0x0000029c543bb700
Event: 2.771 Thread 0x0000029c54f5c5b0 Thread added: 0x0000029c54f5c5b0
Event: 4.745 Thread 0x0000029c54f5c5b0 Thread exited: 0x0000029c54f5c5b0
Event: 5.934 Thread 0x0000029c55aad370 Thread added: 0x0000029c55aad370
Event: 6.414 Thread 0x0000029c55de3660 Thread added: 0x0000029c55de3660
Event: 6.535 Thread 0x0000029c54fb1040 Thread added: 0x0000029c54fb1040
Event: 6.711 Thread 0x0000029c55bc8140 Thread added: 0x0000029c55bc8140
Event: 6.715 Thread 0x0000029c55bc87b0 Thread added: 0x0000029c55bc87b0
Event: 6.853 Thread 0x0000029c556cb890 Thread added: 0x0000029c556cb890
Event: 6.869 Thread 0x0000029c544a1720 Thread added: 0x0000029c544a1720
Event: 6.892 Thread 0x0000029c5414cd80 Thread added: 0x0000029c5414cd80
Event: 6.898 Thread 0x0000029c5414d410 Thread added: 0x0000029c5414d410
Event: 6.903 Thread 0x0000029c5414e7c0 Thread added: 0x0000029c5414e7c0


Dynamic libraries:
0x00007ff7e7b50000 - 0x00007ff7e7b60000 	C:\Program Files\Java\jdk-21\bin\java.exe
0x00007ff9037a0000 - 0x00007ff903a08000 	C:\WINDOWS\SYSTEM32\ntdll.dll
0x00007ff901be0000 - 0x00007ff901ca9000 	C:\WINDOWS\System32\KERNEL32.DLL
0x00007ff900a80000 - 0x00007ff900e72000 	C:\WINDOWS\System32\KERNELBASE.dll
0x00007ff900930000 - 0x00007ff900a7b000 	C:\WINDOWS\System32\ucrtbase.dll
0x00007ff8dd630000 - 0x00007ff8dd64b000 	C:\Program Files\Java\jdk-21\bin\VCRUNTIME140.dll
0x00007ff8dd650000 - 0x00007ff8dd669000 	C:\Program Files\Java\jdk-21\bin\jli.dll
0x00007ff902f40000 - 0x00007ff902ff4000 	C:\WINDOWS\System32\ADVAPI32.dll
0x00007ff9028f0000 - 0x00007ff902999000 	C:\WINDOWS\System32\msvcrt.dll
0x00007ff901d20000 - 0x00007ff901dc6000 	C:\WINDOWS\System32\sechost.dll
0x00007ff902750000 - 0x00007ff902868000 	C:\WINDOWS\System32\RPCRT4.dll
0x00007ff902580000 - 0x00007ff902745000 	C:\WINDOWS\System32\USER32.dll
0x00007ff900f30000 - 0x00007ff900f57000 	C:\WINDOWS\System32\win32u.dll
0x00007ff9017d0000 - 0x00007ff9017fb000 	C:\WINDOWS\System32\GDI32.dll
0x00007ff9010e0000 - 0x00007ff90120d000 	C:\WINDOWS\System32\gdi32full.dll
0x00007ff900e80000 - 0x00007ff900f23000 	C:\WINDOWS\System32\msvcp_win.dll
0x00007ff8e94c0000 - 0x00007ff8e9753000 	C:\WINDOWS\WinSxS\amd64_microsoft.windows.common-controls_6595b64144ccf1df_6.0.26100.6725_none_3e085828e334708b\COMCTL32.dll
0x00007ff8ef7c0000 - 0x00007ff8ef7cb000 	C:\WINDOWS\SYSTEM32\VERSION.dll
0x00007ff901790000 - 0x00007ff9017bf000 	C:\WINDOWS\System32\IMM32.DLL
0x00007ff8fba20000 - 0x00007ff8fba2c000 	C:\Program Files\Java\jdk-21\bin\vcruntime140_1.dll
0x00007ff8d1b20000 - 0x00007ff8d1bae000 	C:\Program Files\Java\jdk-21\bin\msvcp140.dll
0x00007ff8855c0000 - 0x00007ff8862dd000 	C:\Program Files\Java\jdk-21\bin\server\jvm.dll
0x00007ff902870000 - 0x00007ff9028e4000 	C:\WINDOWS\System32\WS2_32.dll
0x00007ff9007b0000 - 0x00007ff90080e000 	C:\WINDOWS\SYSTEM32\POWRPROF.dll
0x00007ff8e9760000 - 0x00007ff8e9795000 	C:\WINDOWS\SYSTEM32\WINMM.dll
0x00007ff900790000 - 0x00007ff9007a4000 	C:\WINDOWS\SYSTEM32\UMPDC.dll
0x00007ff8ff6d0000 - 0x00007ff8ff6eb000 	C:\WINDOWS\SYSTEM32\kernel.appcore.dll
0x00007ff8ed580000 - 0x00007ff8ed58a000 	C:\Program Files\Java\jdk-21\bin\jimage.dll
0x00007ff8fd9f0000 - 0x00007ff8fdc32000 	C:\WINDOWS\SYSTEM32\DBGHELP.DLL
0x00007ff901800000 - 0x00007ff901b7b000 	C:\WINDOWS\System32\combase.dll
0x00007ff901e60000 - 0x00007ff901f37000 	C:\WINDOWS\System32\OLEAUT32.dll
0x00007ff8dacb0000 - 0x00007ff8dacec000 	C:\WINDOWS\SYSTEM32\dbgcore.DLL
0x00007ff901210000 - 0x00007ff9012a8000 	C:\WINDOWS\System32\bcryptPrimitives.dll
0x00007ff8e9e90000 - 0x00007ff8e9e9f000 	C:\Program Files\Java\jdk-21\bin\instrument.dll
0x00007ff8dd5d0000 - 0x00007ff8dd5ef000 	C:\Program Files\Java\jdk-21\bin\java.dll
0x00007ff903000000 - 0x00007ff90374c000 	C:\WINDOWS\System32\SHELL32.dll
0x00007ff901370000 - 0x00007ff9014db000 	C:\WINDOWS\System32\wintypes.dll
0x00007ff8fe560000 - 0x00007ff8fedbd000 	C:\WINDOWS\SYSTEM32\windows.storage.dll
0x00007ff901690000 - 0x00007ff901782000 	C:\WINDOWS\System32\SHCORE.dll
0x00007ff901cb0000 - 0x00007ff901d12000 	C:\WINDOWS\System32\shlwapi.dll
0x00007ff900850000 - 0x00007ff900879000 	C:\WINDOWS\SYSTEM32\profapi.dll
0x00007ff8d11d0000 - 0x00007ff8d12a7000 	C:\Program Files\Java\jdk-21\bin\jsvml.dll
0x00007ff8dd150000 - 0x00007ff8dd168000 	C:\Program Files\Java\jdk-21\bin\zip.dll
0x00007ff8e4d20000 - 0x00007ff8e4d30000 	C:\Program Files\Java\jdk-21\bin\net.dll
0x00007ff8f1b20000 - 0x00007ff8f1c3f000 	C:\WINDOWS\SYSTEM32\WINHTTP.dll
0x00007ff8ffc70000 - 0x00007ff8ffcdb000 	C:\WINDOWS\system32\mswsock.dll
0x00007ff8dc810000 - 0x00007ff8dc826000 	C:\Program Files\Java\jdk-21\bin\nio.dll
0x00007ff8e0dc0000 - 0x00007ff8e0dd0000 	C:\Program Files\Java\jdk-21\bin\verify.dll
0x00007ff8dd3d0000 - 0x00007ff8dd3f7000 	C:\Users\ADMIN\.gradle\native\1def1411415f61bf3af743bc5b6707747c0891f09f0c88961ee8f79bc544acac\windows-amd64\native-platform.dll
0x00007ff8d2900000 - 0x00007ff8d2978000 	C:\Users\ADMIN\.gradle\native\0.2.7\x86_64-windows-gnu\gradle-fileevents.dll
0x00007ff8de700000 - 0x00007ff8de70a000 	C:\Program Files\Java\jdk-21\bin\management.dll
0x00007ff8dd6a0000 - 0x00007ff8dd6ab000 	C:\Program Files\Java\jdk-21\bin\management_ext.dll
0x00007ff903750000 - 0x00007ff903758000 	C:\WINDOWS\System32\PSAPI.DLL
0x00007ff8ff110000 - 0x00007ff8ff144000 	C:\WINDOWS\SYSTEM32\IPHLPAPI.DLL
0x00007ff901b80000 - 0x00007ff901b8a000 	C:\WINDOWS\System32\NSI.dll
0x00007ff8dd3c0000 - 0x00007ff8dd3c9000 	C:\Program Files\Java\jdk-21\bin\extnet.dll
0x00007ff8fff20000 - 0x00007ff8fff3b000 	C:\WINDOWS\SYSTEM32\CRYPTSP.dll
0x00007ff8ff630000 - 0x00007ff8ff66b000 	C:\WINDOWS\system32\rsaenh.dll
0x00007ff8ffd10000 - 0x00007ff8ffd3b000 	C:\WINDOWS\SYSTEM32\USERENV.dll
0x00007ff900820000 - 0x00007ff900846000 	C:\WINDOWS\SYSTEM32\bcrypt.dll
0x00007ff8fff40000 - 0x00007ff8fff4c000 	C:\WINDOWS\SYSTEM32\CRYPTBASE.dll
0x00007ff8dd2f0000 - 0x00007ff8dd2fe000 	C:\Program Files\Java\jdk-21\bin\sunmscapi.dll
0x00007ff900f60000 - 0x00007ff9010d7000 	C:\WINDOWS\System32\CRYPT32.dll
0x00007ff900140000 - 0x00007ff900170000 	C:\WINDOWS\SYSTEM32\ncrypt.dll
0x00007ff9000f0000 - 0x00007ff90012f000 	C:\WINDOWS\SYSTEM32\NTASN1.dll
0x00007ff8ce010000 - 0x00007ff8ce018000 	C:\WINDOWS\system32\wshunix.dll

dbghelp: loaded successfully - version: 4.0.5 - missing functions: none
symbol engine: initialized successfully - sym options: 0x614 - pdb path: .;C:\Program Files\Java\jdk-21\bin;C:\WINDOWS\SYSTEM32;C:\WINDOWS\WinSxS\amd64_microsoft.windows.common-controls_6595b64144ccf1df_6.0.26100.6725_none_3e085828e334708b;C:\Program Files\Java\jdk-21\bin\server;C:\Users\ADMIN\.gradle\native\1def1411415f61bf3af743bc5b6707747c0891f09f0c88961ee8f79bc544acac\windows-amd64;C:\Users\ADMIN\.gradle\native\0.2.7\x86_64-windows-gnu

VM Arguments:
jvm_args: --add-opens=java.base/java.lang=ALL-UNNAMED --add-opens=java.base/java.lang.invoke=ALL-UNNAMED --add-opens=java.base/java.util=ALL-UNNAMED --add-opens=java.prefs/java.util.prefs=ALL-UNNAMED --add-exports=jdk.compiler/com.sun.tools.javac.api=ALL-UNNAMED --add-exports=jdk.compiler/com.sun.tools.javac.util=ALL-UNNAMED --add-opens=java.base/java.util=ALL-UNNAMED --add-opens=java.prefs/java.util.prefs=ALL-UNNAMED --add-opens=java.base/java.nio.charset=ALL-UNNAMED --add-opens=java.base/java.net=ALL-UNNAMED --add-opens=java.base/java.util.concurrent.atomic=ALL-UNNAMED --add-opens=java.xml/javax.xml.namespace=ALL-UNNAMED -Xmx2048m -Dfile.encoding=UTF-8 -Duser.country=IN -Duser.language=en -Duser.variant -javaagent:C:\Users\ADMIN\.gradle\wrapper\dists\gradle-8.13-bin\5xuhj0ry160q40clulazy9h7d\gradle-8.13\lib\agents\gradle-instrumentation-agent-8.13.jar 
java_command: org.gradle.launcher.daemon.bootstrap.GradleDaemon 8.13
java_class_path (initial): C:\Users\ADMIN\.gradle\wrapper\dists\gradle-8.13-bin\5xuhj0ry160q40clulazy9h7d\gradle-8.13\lib\gradle-daemon-main-8.13.jar
Launcher Type: SUN_STANDARD

[Global flags]
     intx CICompilerCount                          = 3                                         {product} {ergonomic}
     uint ConcGCThreads                            = 1                                         {product} {ergonomic}
     uint G1ConcRefinementThreads                  = 4                                         {product} {ergonomic}
   size_t G1HeapRegionSize                         = 1048576                                   {product} {ergonomic}
    uintx GCDrainStackTargetSize                   = 64                                        {product} {ergonomic}
   size_t InitialHeapSize                          = 132120576                                 {product} {ergonomic}
   size_t MarkStackSize                            = 4194304                                   {product} {ergonomic}
   size_t MaxHeapSize                              = 2147483648                                {product} {command line}
   size_t MaxNewSize                               = 1287651328                                {product} {ergonomic}
   size_t MinHeapDeltaBytes                        = 1048576                                   {product} {ergonomic}
   size_t MinHeapSize                              = 8388608                                   {product} {ergonomic}
    uintx NonNMethodCodeHeapSize                   = 5832780                                {pd product} {ergonomic}
    uintx NonProfiledCodeHeapSize                  = 122912730                              {pd product} {ergonomic}
    uintx ProfiledCodeHeapSize                     = 122912730                              {pd product} {ergonomic}
    uintx ReservedCodeCacheSize                    = 251658240                              {pd product} {ergonomic}
     bool SegmentedCodeCache                       = true                                      {product} {ergonomic}
   size_t SoftMaxHeapSize                          = 2147483648                             {manageable} {ergonomic}
     bool UseCompressedOops                        = true                           {product lp64_product} {ergonomic}
     bool UseG1GC                                  = true                                      {product} {ergonomic}
     bool UseLargePagesIndividualAllocation        = false                                  {pd product} {ergonomic}

Logging:
Log output configuration:
 #0: stdout all=warning uptime,level,tags foldmultilines=false
 #1: stderr all=off uptime,level,tags foldmultilines=false

Environment Variables:
PATH=C:\Program Files\Common Files\Oracle\Java\javapath;C:\Program Files (x86)\Common Files\Oracle\Java\java8path;C:\Program Files (x86)\Common Files\Oracle\Java\javapath;C:\WINDOWS\system32;C:\WINDOWS;C:\WINDOWS\System32\Wbem;C:\WINDOWS\System32\WindowsPowerShell\v1.0\;C:\WINDOWS\System32\OpenSSH\;C:\msys64\mingw64\bin;C:\msys64\mingw32\bin;C:\msys64\usr\bin;F:\Git\cmd;C:\Program Files\Apollo;C:\Program Files\Apollo\tools;C:\Program Files\Tailscale\;C:\Gradle\gradle-9.2.1\bin;C:\Program Files\MySQL\MySQL Shell 8.0\bin\;C:\Users\ADMIN\.cargo\bin;C:\Users\ADMIN\AppData\Local\Programs\Python\Python312\Scripts\;C:\Users\ADMIN\AppData\Local\Programs\Python\Python312\;C:\Users\ADMIN\AppData\Local\Microsoft\WindowsApps;C:\Users\ADMIN\AppData\Local\Programs\Microsoft VS Code\bin;D:\msys64\mingw64\bin;D:\msys64\mingw32\bin;
USERNAME=ADMIN
OS=Windows_NT
PROCESSOR_IDENTIFIER=Intel64 Family 6 Model 126 Stepping 5, GenuineIntel
TMP=C:\Users\ADMIN\AppData\Local\Temp
TEMP=C:\Users\ADMIN\AppData\Local\Temp




Periodic native trim disabled

---------------  S Y S T E M  ---------------

OS:
 Windows 11 , 64 bit Build 26100 (10.0.26100.6725)
OS uptime: 17 days 4:56 hours
Hyper-V role detected

CPU: total 4 (initial active 4) (2 cores per cpu, 2 threads per core) family 6 model 126 stepping 5 microcode 0xa0, cx8, cmov, fxsr, ht, mmx, 3dnowpref, sse, sse2, sse3, ssse3, sse4.1, sse4.2, popcnt, lzcnt, tsc, tscinvbit, avx, avx2, aes, erms, clmul, bmi1, bmi2, adx, avx512f, avx512dq, avx512cd, avx512bw, avx512vl, sha, fma, vzeroupper, avx512_vpopcntdq, avx512_vpclmulqdq, avx512_vaes, avx512_vnni, clflush, clflushopt, avx512_vbmi2, avx512_vbmi, hv, rdtscp, rdpid, fsrm, gfni, avx512_bitalg, f16c, avx512_ifma
Processor Information for all 4 processors :
  Max Mhz: 1190, Current Mhz: 1190, Mhz Limit: 1190

Memory: 4k page, system-wide physical 7967M (1148M free)
TotalPageFile size 12063M (AvailPageFile size 0M)
current process WorkingSet (physical memory assigned to process): 177M, peak: 177M
current process commit charge ("private bytes"): 245M, peak: 245M

vm_info: Java HotSpot(TM) 64-Bit Server VM (21.0.9+7-LTS-338) for windows-amd64 JRE (21.0.9+7-LTS-338), built on 2025-09-26T06:33:49Z by "mach5run" with MS VC++ 17.6 (VS2022)

END.
